debug: Thu, 28 Jul 2022 07:08:53 GMT
debug: Project: D:\My_Game\別人寫的參考用\cocos-framework
debug: Targets: editor,preview
debug: Packer deriver version file lost or format incorrect: Error: ENOENT: no such file or directory, open 'D:\My_Game\別人寫的參考用\cocos-framework\temp\programming\packer-driver\VERSION'
debug: Clearing out the targets...
debug: Engine path: C:\CocosDashboard_1.0.11\resources\.editors\Creator\3.3.0\resources\resources\3d\engine
debug: Initializing target [Editor]
debug: Loading cache
debug: Module record file loaded failed with error: Error: ENOENT: no such file or directory, open 'D:\My_Game\別人寫的參考用\cocos-framework\temp\programming\packer-driver\targets\editor\modules.json'
debug: Loading cache costs 0.5593000054359436ms.
debug: Engine features shipped in editor: base,gfx-webgl,gfx-webgl2,3d,2d,ui,particle,particle-2d,physics-framework,physics-2d-framework,intersection-2d,primitive,profiler,audio,video,terrain,webview,tween,tiled-map,spine,dragon-bones
debug: Initializing target [Preview]
debug: Loading cache
debug: Module record file loaded failed with error: Error: ENOENT: no such file or directory, open 'D:\My_Game\別人寫的參考用\cocos-framework\temp\programming\packer-driver\targets\preview\modules.json'
debug: Loading cache costs 1.2224999964237213ms.
debug: Sync engine features: base,gfx-webgl,gfx-webgl2,3d,2d,ui,particle,physics-ammo,physics-2d-box2d,intersection-2d,primitive,profiler,particle-2d,audio,video,webview,tween,terrain,tiled-map,spine,dragon-bones
debug: Pulling asset-db.
debug: Fetch asset-db cost: 14.617700010538101ms.
debug: Build iteration starts.
Number of accumulated asset changes: 23
Feature changed: false
debug: Target(editor) build started.
debug: Inspect cce:/internal/x/cc
debug: Resolve cce:/internal/x/cc-fu/base from cce:/internal/x/cc as external dependency cce:/internal/x/cc-fu/base.
debug: Resolve cce:/internal/x/cc-fu/gfx-webgl from cce:/internal/x/cc as external dependency cce:/internal/x/cc-fu/gfx-webgl.
debug: Resolve cce:/internal/x/cc-fu/gfx-webgl2 from cce:/internal/x/cc as external dependency cce:/internal/x/cc-fu/gfx-webgl2.
debug: Resolve cce:/internal/x/cc-fu/3d from cce:/internal/x/cc as external dependency cce:/internal/x/cc-fu/3d.
debug: Resolve cce:/internal/x/cc-fu/2d from cce:/internal/x/cc as external dependency cce:/internal/x/cc-fu/2d.
debug: Resolve cce:/internal/x/cc-fu/ui from cce:/internal/x/cc as external dependency cce:/internal/x/cc-fu/ui.
debug: Resolve cce:/internal/x/cc-fu/particle from cce:/internal/x/cc as external dependency cce:/internal/x/cc-fu/particle.
debug: Resolve cce:/internal/x/cc-fu/particle-2d from cce:/internal/x/cc as external dependency cce:/internal/x/cc-fu/particle-2d.
debug: Resolve cce:/internal/x/cc-fu/physics-framework from cce:/internal/x/cc as external dependency cce:/internal/x/cc-fu/physics-framework.
debug: Resolve cce:/internal/x/cc-fu/physics-2d-framework from cce:/internal/x/cc as external dependency cce:/internal/x/cc-fu/physics-2d-framework.
debug: Resolve cce:/internal/x/cc-fu/intersection-2d from cce:/internal/x/cc as external dependency cce:/internal/x/cc-fu/intersection-2d.
debug: Resolve cce:/internal/x/cc-fu/primitive from cce:/internal/x/cc as external dependency cce:/internal/x/cc-fu/primitive.
debug: Resolve cce:/internal/x/cc-fu/profiler from cce:/internal/x/cc as external dependency cce:/internal/x/cc-fu/profiler.
debug: Resolve cce:/internal/x/cc-fu/audio from cce:/internal/x/cc as external dependency cce:/internal/x/cc-fu/audio.
debug: Resolve cce:/internal/x/cc-fu/video from cce:/internal/x/cc as external dependency cce:/internal/x/cc-fu/video.
debug: Resolve cce:/internal/x/cc-fu/terrain from cce:/internal/x/cc as external dependency cce:/internal/x/cc-fu/terrain.
debug: Resolve cce:/internal/x/cc-fu/webview from cce:/internal/x/cc as external dependency cce:/internal/x/cc-fu/webview.
debug: Resolve cce:/internal/x/cc-fu/tween from cce:/internal/x/cc as external dependency cce:/internal/x/cc-fu/tween.
debug: Resolve cce:/internal/x/cc-fu/tiled-map from cce:/internal/x/cc as external dependency cce:/internal/x/cc-fu/tiled-map.
debug: Resolve cce:/internal/x/cc-fu/spine from cce:/internal/x/cc as external dependency cce:/internal/x/cc-fu/spine.
debug: Resolve cce:/internal/x/cc-fu/dragon-bones from cce:/internal/x/cc as external dependency cce:/internal/x/cc-fu/dragon-bones.
debug: Inspect cce:/internal/x/prerequisite-imports
debug: Resolve file:///D:/My_Game/%E5%88%A5%E4%BA%BA%E5%AF%AB%E7%9A%84%E5%8F%83%E8%80%83%E7%94%A8/cocos-framework/assets/scripts/Input/Input.ts from cce:/internal/x/prerequisite-imports as file:///D:/My_Game/%E5%88%A5%E4%BA%BA%E5%AF%AB%E7%9A%84%E5%8F%83%E8%80%83%E7%94%A8/cocos-framework/assets/scripts/Input/Input.ts.
debug: Resolve file:///D:/My_Game/%E5%88%A5%E4%BA%BA%E5%AF%AB%E7%9A%84%E5%8F%83%E8%80%83%E7%94%A8/cocos-framework/assets/scripts/Input/KeyboardUtils.ts from cce:/internal/x/prerequisite-imports as file:///D:/My_Game/%E5%88%A5%E4%BA%BA%E5%AF%AB%E7%9A%84%E5%8F%83%E8%80%83%E7%94%A8/cocos-framework/assets/scripts/Input/KeyboardUtils.ts.
debug: Resolve file:///D:/My_Game/%E5%88%A5%E4%BA%BA%E5%AF%AB%E7%9A%84%E5%8F%83%E8%80%83%E7%94%A8/cocos-framework/assets/scripts/Input/Keys.ts from cce:/internal/x/prerequisite-imports as file:///D:/My_Game/%E5%88%A5%E4%BA%BA%E5%AF%AB%E7%9A%84%E5%8F%83%E8%80%83%E7%94%A8/cocos-framework/assets/scripts/Input/Keys.ts.
debug: Resolve file:///D:/My_Game/%E5%88%A5%E4%BA%BA%E5%AF%AB%E7%9A%84%E5%8F%83%E8%80%83%E7%94%A8/cocos-framework/assets/scripts/Input/MouseState.ts from cce:/internal/x/prerequisite-imports as file:///D:/My_Game/%E5%88%A5%E4%BA%BA%E5%AF%AB%E7%9A%84%E5%8F%83%E8%80%83%E7%94%A8/cocos-framework/assets/scripts/Input/MouseState.ts.
debug: Resolve file:///D:/My_Game/%E5%88%A5%E4%BA%BA%E5%AF%AB%E7%9A%84%E5%8F%83%E8%80%83%E7%94%A8/cocos-framework/assets/scripts/Input/VirtualAxis.ts from cce:/internal/x/prerequisite-imports as file:///D:/My_Game/%E5%88%A5%E4%BA%BA%E5%AF%AB%E7%9A%84%E5%8F%83%E8%80%83%E7%94%A8/cocos-framework/assets/scripts/Input/VirtualAxis.ts.
debug: Resolve file:///D:/My_Game/%E5%88%A5%E4%BA%BA%E5%AF%AB%E7%9A%84%E5%8F%83%E8%80%83%E7%94%A8/cocos-framework/assets/scripts/Input/VirtualInput.ts from cce:/internal/x/prerequisite-imports as file:///D:/My_Game/%E5%88%A5%E4%BA%BA%E5%AF%AB%E7%9A%84%E5%8F%83%E8%80%83%E7%94%A8/cocos-framework/assets/scripts/Input/VirtualInput.ts.
debug: Resolve file:///D:/My_Game/%E5%88%A5%E4%BA%BA%E5%AF%AB%E7%9A%84%E5%8F%83%E8%80%83%E7%94%A8/cocos-framework/assets/scripts/Input/VirtualIntegerAxis.ts from cce:/internal/x/prerequisite-imports as file:///D:/My_Game/%E5%88%A5%E4%BA%BA%E5%AF%AB%E7%9A%84%E5%8F%83%E8%80%83%E7%94%A8/cocos-framework/assets/scripts/Input/VirtualIntegerAxis.ts.
debug: Resolve file:///D:/My_Game/%E5%88%A5%E4%BA%BA%E5%AF%AB%E7%9A%84%E5%8F%83%E8%80%83%E7%94%A8/cocos-framework/assets/scripts/Main.ts from cce:/internal/x/prerequisite-imports as file:///D:/My_Game/%E5%88%A5%E4%BA%BA%E5%AF%AB%E7%9A%84%E5%8F%83%E8%80%83%E7%94%A8/cocos-framework/assets/scripts/Main.ts.
debug: Resolve file:///D:/My_Game/%E5%88%A5%E4%BA%BA%E5%AF%AB%E7%9A%84%E5%8F%83%E8%80%83%E7%94%A8/cocos-framework/assets/scripts/components/Mesh.ts from cce:/internal/x/prerequisite-imports as file:///D:/My_Game/%E5%88%A5%E4%BA%BA%E5%AF%AB%E7%9A%84%E5%8F%83%E8%80%83%E7%94%A8/cocos-framework/assets/scripts/components/Mesh.ts.
debug: Resolve file:///D:/My_Game/%E5%88%A5%E4%BA%BA%E5%AF%AB%E7%9A%84%E5%8F%83%E8%80%83%E7%94%A8/cocos-framework/assets/scripts/components/PolygonMesh.ts from cce:/internal/x/prerequisite-imports as file:///D:/My_Game/%E5%88%A5%E4%BA%BA%E5%AF%AB%E7%9A%84%E5%8F%83%E8%80%83%E7%94%A8/cocos-framework/assets/scripts/components/PolygonMesh.ts.
debug: Resolve file:///D:/My_Game/%E5%88%A5%E4%BA%BA%E5%AF%AB%E7%9A%84%E5%8F%83%E8%80%83%E7%94%A8/cocos-framework/assets/scripts/components/PolygonSprite.ts from cce:/internal/x/prerequisite-imports as file:///D:/My_Game/%E5%88%A5%E4%BA%BA%E5%AF%AB%E7%9A%84%E5%8F%83%E8%80%83%E7%94%A8/cocos-framework/assets/scripts/components/PolygonSprite.ts.
debug: Resolve file:///D:/My_Game/%E5%88%A5%E4%BA%BA%E5%AF%AB%E7%9A%84%E5%8F%83%E8%80%83%E7%94%A8/cocos-framework/assets/scripts/components/SpriteRenderer.ts from cce:/internal/x/prerequisite-imports as file:///D:/My_Game/%E5%88%A5%E4%BA%BA%E5%AF%AB%E7%9A%84%E5%8F%83%E8%80%83%E7%94%A8/cocos-framework/assets/scripts/components/SpriteRenderer.ts.
debug: Resolve file:///D:/My_Game/%E5%88%A5%E4%BA%BA%E5%AF%AB%E7%9A%84%E5%8F%83%E8%80%83%E7%94%A8/cocos-framework/assets/scripts/components/component_camera.ts from cce:/internal/x/prerequisite-imports as file:///D:/My_Game/%E5%88%A5%E4%BA%BA%E5%AF%AB%E7%9A%84%E5%8F%83%E8%80%83%E7%94%A8/cocos-framework/assets/scripts/components/component_camera.ts.
debug: Resolve file:///D:/My_Game/%E5%88%A5%E4%BA%BA%E5%AF%AB%E7%9A%84%E5%8F%83%E8%80%83%E7%94%A8/cocos-framework/assets/scripts/graphics/Batcher.ts from cce:/internal/x/prerequisite-imports as file:///D:/My_Game/%E5%88%A5%E4%BA%BA%E5%AF%AB%E7%9A%84%E5%8F%83%E8%80%83%E7%94%A8/cocos-framework/assets/scripts/graphics/Batcher.ts.
debug: Resolve file:///D:/My_Game/%E5%88%A5%E4%BA%BA%E5%AF%AB%E7%9A%84%E5%8F%83%E8%80%83%E7%94%A8/cocos-framework/assets/scripts/scenes/BasicScene.ts from cce:/internal/x/prerequisite-imports as file:///D:/My_Game/%E5%88%A5%E4%BA%BA%E5%AF%AB%E7%9A%84%E5%8F%83%E8%80%83%E7%94%A8/cocos-framework/assets/scripts/scenes/BasicScene.ts.
debug: Resolve file:///D:/My_Game/%E5%88%A5%E4%BA%BA%E5%AF%AB%E7%9A%84%E5%8F%83%E8%80%83%E7%94%A8/cocos-framework/assets/scripts/scenes/RenderScene.ts from cce:/internal/x/prerequisite-imports as file:///D:/My_Game/%E5%88%A5%E4%BA%BA%E5%AF%AB%E7%9A%84%E5%8F%83%E8%80%83%E7%94%A8/cocos-framework/assets/scripts/scenes/RenderScene.ts.
debug: Resolve file:///D:/My_Game/%E5%88%A5%E4%BA%BA%E5%AF%AB%E7%9A%84%E5%8F%83%E8%80%83%E7%94%A8/cocos-framework/assets/scripts/scenes/collider/ColliderScene.ts from cce:/internal/x/prerequisite-imports as file:///D:/My_Game/%E5%88%A5%E4%BA%BA%E5%AF%AB%E7%9A%84%E5%8F%83%E8%80%83%E7%94%A8/cocos-framework/assets/scripts/scenes/collider/ColliderScene.ts.
debug: Resolve file:///D:/My_Game/%E5%88%A5%E4%BA%BA%E5%AF%AB%E7%9A%84%E5%8F%83%E8%80%83%E7%94%A8/cocos-framework/assets/scripts/scenes/collider/ColliderTrigger.ts from cce:/internal/x/prerequisite-imports as file:///D:/My_Game/%E5%88%A5%E4%BA%BA%E5%AF%AB%E7%9A%84%E5%8F%83%E8%80%83%E7%94%A8/cocos-framework/assets/scripts/scenes/collider/ColliderTrigger.ts.
debug: Resolve file:///D:/My_Game/%E5%88%A5%E4%BA%BA%E5%AF%AB%E7%9A%84%E5%8F%83%E8%80%83%E7%94%A8/cocos-framework/assets/scripts/scenes/lineCasting/LineCaster.ts from cce:/internal/x/prerequisite-imports as file:///D:/My_Game/%E5%88%A5%E4%BA%BA%E5%AF%AB%E7%9A%84%E5%8F%83%E8%80%83%E7%94%A8/cocos-framework/assets/scripts/scenes/lineCasting/LineCaster.ts.
debug: Resolve file:///D:/My_Game/%E5%88%A5%E4%BA%BA%E5%AF%AB%E7%9A%84%E5%8F%83%E8%80%83%E7%94%A8/cocos-framework/assets/scripts/scenes/lineCasting/LineCastingScene.ts from cce:/internal/x/prerequisite-imports as file:///D:/My_Game/%E5%88%A5%E4%BA%BA%E5%AF%AB%E7%9A%84%E5%8F%83%E8%80%83%E7%94%A8/cocos-framework/assets/scripts/scenes/lineCasting/LineCastingScene.ts.
debug: Resolve file:///D:/My_Game/%E5%88%A5%E4%BA%BA%E5%AF%AB%E7%9A%84%E5%8F%83%E8%80%83%E7%94%A8/cocos-framework/assets/scripts/scenes/rigidBodies/RigidBodyScene.ts from cce:/internal/x/prerequisite-imports as file:///D:/My_Game/%E5%88%A5%E4%BA%BA%E5%AF%AB%E7%9A%84%E5%8F%83%E8%80%83%E7%94%A8/cocos-framework/assets/scripts/scenes/rigidBodies/RigidBodyScene.ts.
debug: Resolve file:///D:/My_Game/%E5%88%A5%E4%BA%BA%E5%AF%AB%E7%9A%84%E5%8F%83%E8%80%83%E7%94%A8/cocos-framework/assets/scripts/scenes/verletPhysics/VerletPhysicsScene.ts from cce:/internal/x/prerequisite-imports as file:///D:/My_Game/%E5%88%A5%E4%BA%BA%E5%AF%AB%E7%9A%84%E5%8F%83%E8%80%83%E7%94%A8/cocos-framework/assets/scripts/scenes/verletPhysics/VerletPhysicsScene.ts.
debug: Resolve file:///D:/My_Game/%E5%88%A5%E4%BA%BA%E5%AF%AB%E7%9A%84%E5%8F%83%E8%80%83%E7%94%A8/cocos-framework/assets/scripts/scenes/verletPhysics/VerletSystem.ts from cce:/internal/x/prerequisite-imports as file:///D:/My_Game/%E5%88%A5%E4%BA%BA%E5%AF%AB%E7%9A%84%E5%8F%83%E8%80%83%E7%94%A8/cocos-framework/assets/scripts/scenes/verletPhysics/VerletSystem.ts.
debug: Inspect file:///D:/My_Game/%E5%88%A5%E4%BA%BA%E5%AF%AB%E7%9A%84%E5%8F%83%E8%80%83%E7%94%A8/cocos-framework/assets/scripts/Input/Input.ts
debug: Inspect file:///D:/My_Game/%E5%88%A5%E4%BA%BA%E5%AF%AB%E7%9A%84%E5%8F%83%E8%80%83%E7%94%A8/cocos-framework/assets/scripts/Input/KeyboardUtils.ts
debug: Inspect file:///D:/My_Game/%E5%88%A5%E4%BA%BA%E5%AF%AB%E7%9A%84%E5%8F%83%E8%80%83%E7%94%A8/cocos-framework/assets/scripts/Input/Keys.ts
debug: Inspect file:///D:/My_Game/%E5%88%A5%E4%BA%BA%E5%AF%AB%E7%9A%84%E5%8F%83%E8%80%83%E7%94%A8/cocos-framework/assets/scripts/Input/MouseState.ts
debug: Inspect file:///D:/My_Game/%E5%88%A5%E4%BA%BA%E5%AF%AB%E7%9A%84%E5%8F%83%E8%80%83%E7%94%A8/cocos-framework/assets/scripts/Input/VirtualAxis.ts
debug: Inspect file:///D:/My_Game/%E5%88%A5%E4%BA%BA%E5%AF%AB%E7%9A%84%E5%8F%83%E8%80%83%E7%94%A8/cocos-framework/assets/scripts/Input/VirtualInput.ts
debug: Inspect file:///D:/My_Game/%E5%88%A5%E4%BA%BA%E5%AF%AB%E7%9A%84%E5%8F%83%E8%80%83%E7%94%A8/cocos-framework/assets/scripts/Input/VirtualIntegerAxis.ts
debug: Inspect file:///D:/My_Game/%E5%88%A5%E4%BA%BA%E5%AF%AB%E7%9A%84%E5%8F%83%E8%80%83%E7%94%A8/cocos-framework/assets/scripts/Main.ts
debug: Inspect file:///D:/My_Game/%E5%88%A5%E4%BA%BA%E5%AF%AB%E7%9A%84%E5%8F%83%E8%80%83%E7%94%A8/cocos-framework/assets/scripts/components/Mesh.ts
debug: Inspect file:///D:/My_Game/%E5%88%A5%E4%BA%BA%E5%AF%AB%E7%9A%84%E5%8F%83%E8%80%83%E7%94%A8/cocos-framework/assets/scripts/components/PolygonMesh.ts
debug: Inspect file:///D:/My_Game/%E5%88%A5%E4%BA%BA%E5%AF%AB%E7%9A%84%E5%8F%83%E8%80%83%E7%94%A8/cocos-framework/assets/scripts/components/PolygonSprite.ts
debug: Inspect file:///D:/My_Game/%E5%88%A5%E4%BA%BA%E5%AF%AB%E7%9A%84%E5%8F%83%E8%80%83%E7%94%A8/cocos-framework/assets/scripts/components/SpriteRenderer.ts
debug: Inspect file:///D:/My_Game/%E5%88%A5%E4%BA%BA%E5%AF%AB%E7%9A%84%E5%8F%83%E8%80%83%E7%94%A8/cocos-framework/assets/scripts/components/component_camera.ts
debug: Inspect file:///D:/My_Game/%E5%88%A5%E4%BA%BA%E5%AF%AB%E7%9A%84%E5%8F%83%E8%80%83%E7%94%A8/cocos-framework/assets/scripts/graphics/Batcher.ts
debug: Inspect file:///D:/My_Game/%E5%88%A5%E4%BA%BA%E5%AF%AB%E7%9A%84%E5%8F%83%E8%80%83%E7%94%A8/cocos-framework/assets/scripts/scenes/BasicScene.ts
debug: Inspect file:///D:/My_Game/%E5%88%A5%E4%BA%BA%E5%AF%AB%E7%9A%84%E5%8F%83%E8%80%83%E7%94%A8/cocos-framework/assets/scripts/scenes/RenderScene.ts
debug: Inspect file:///D:/My_Game/%E5%88%A5%E4%BA%BA%E5%AF%AB%E7%9A%84%E5%8F%83%E8%80%83%E7%94%A8/cocos-framework/assets/scripts/scenes/collider/ColliderScene.ts
debug: Inspect file:///D:/My_Game/%E5%88%A5%E4%BA%BA%E5%AF%AB%E7%9A%84%E5%8F%83%E8%80%83%E7%94%A8/cocos-framework/assets/scripts/scenes/collider/ColliderTrigger.ts
debug: Inspect file:///D:/My_Game/%E5%88%A5%E4%BA%BA%E5%AF%AB%E7%9A%84%E5%8F%83%E8%80%83%E7%94%A8/cocos-framework/assets/scripts/scenes/lineCasting/LineCaster.ts
debug: Inspect file:///D:/My_Game/%E5%88%A5%E4%BA%BA%E5%AF%AB%E7%9A%84%E5%8F%83%E8%80%83%E7%94%A8/cocos-framework/assets/scripts/scenes/lineCasting/LineCastingScene.ts
debug: Inspect file:///D:/My_Game/%E5%88%A5%E4%BA%BA%E5%AF%AB%E7%9A%84%E5%8F%83%E8%80%83%E7%94%A8/cocos-framework/assets/scripts/scenes/rigidBodies/RigidBodyScene.ts
debug: Inspect file:///D:/My_Game/%E5%88%A5%E4%BA%BA%E5%AF%AB%E7%9A%84%E5%8F%83%E8%80%83%E7%94%A8/cocos-framework/assets/scripts/scenes/verletPhysics/VerletPhysicsScene.ts
debug: Inspect file:///D:/My_Game/%E5%88%A5%E4%BA%BA%E5%AF%AB%E7%9A%84%E5%8F%83%E8%80%83%E7%94%A8/cocos-framework/assets/scripts/scenes/verletPhysics/VerletSystem.ts
debug: Resolve cce:/internal/code-quality/cr.mjs from file:///D:/My_Game/%E5%88%A5%E4%BA%BA%E5%AF%AB%E7%9A%84%E5%8F%83%E8%80%83%E7%94%A8/cocos-framework/assets/scripts/scenes/BasicScene.ts as cce:/internal/code-quality/cr.mjs.
debug: Resolve cc from file:///D:/My_Game/%E5%88%A5%E4%BA%BA%E5%AF%AB%E7%9A%84%E5%8F%83%E8%80%83%E7%94%A8/cocos-framework/assets/scripts/scenes/BasicScene.ts as cce:/internal/x/cc.
debug: Resolve cc from file:///D:/My_Game/%E5%88%A5%E4%BA%BA%E5%AF%AB%E7%9A%84%E5%8F%83%E8%80%83%E7%94%A8/cocos-framework/assets/scripts/scenes/BasicScene.ts as cce:/internal/x/cc.
debug: Inspect cce:/internal/code-quality/cr.mjs
debug: Resolve cce:/internal/code-quality/cr.mjs from file:///D:/My_Game/%E5%88%A5%E4%BA%BA%E5%AF%AB%E7%9A%84%E5%8F%83%E8%80%83%E7%94%A8/cocos-framework/assets/scripts/scenes/collider/ColliderScene.ts as cce:/internal/code-quality/cr.mjs.
debug: Resolve cc from file:///D:/My_Game/%E5%88%A5%E4%BA%BA%E5%AF%AB%E7%9A%84%E5%8F%83%E8%80%83%E7%94%A8/cocos-framework/assets/scripts/scenes/collider/ColliderScene.ts as cce:/internal/x/cc.
debug: Resolve cc from file:///D:/My_Game/%E5%88%A5%E4%BA%BA%E5%AF%AB%E7%9A%84%E5%8F%83%E8%80%83%E7%94%A8/cocos-framework/assets/scripts/scenes/collider/ColliderScene.ts as cce:/internal/x/cc.
debug: Resolve cce:/internal/code-quality/cr.mjs from file:///D:/My_Game/%E5%88%A5%E4%BA%BA%E5%AF%AB%E7%9A%84%E5%8F%83%E8%80%83%E7%94%A8/cocos-framework/assets/scripts/Main.ts as cce:/internal/code-quality/cr.mjs.
debug: Resolve cc from file:///D:/My_Game/%E5%88%A5%E4%BA%BA%E5%AF%AB%E7%9A%84%E5%8F%83%E8%80%83%E7%94%A8/cocos-framework/assets/scripts/Main.ts as cce:/internal/x/cc.
debug: Resolve cc from file:///D:/My_Game/%E5%88%A5%E4%BA%BA%E5%AF%AB%E7%9A%84%E5%8F%83%E8%80%83%E7%94%A8/cocos-framework/assets/scripts/Main.ts as cce:/internal/x/cc.
debug: Resolve cc from file:///D:/My_Game/%E5%88%A5%E4%BA%BA%E5%AF%AB%E7%9A%84%E5%8F%83%E8%80%83%E7%94%A8/cocos-framework/assets/scripts/scenes/collider/ColliderTrigger.ts as cce:/internal/x/cc.
debug: Resolve cce:/internal/code-quality/cr.mjs from file:///D:/My_Game/%E5%88%A5%E4%BA%BA%E5%AF%AB%E7%9A%84%E5%8F%83%E8%80%83%E7%94%A8/cocos-framework/assets/scripts/scenes/RenderScene.ts as cce:/internal/code-quality/cr.mjs.
debug: Resolve cc from file:///D:/My_Game/%E5%88%A5%E4%BA%BA%E5%AF%AB%E7%9A%84%E5%8F%83%E8%80%83%E7%94%A8/cocos-framework/assets/scripts/scenes/RenderScene.ts as cce:/internal/x/cc.
debug: Resolve cce:/internal/code-quality/cr.mjs from file:///D:/My_Game/%E5%88%A5%E4%BA%BA%E5%AF%AB%E7%9A%84%E5%8F%83%E8%80%83%E7%94%A8/cocos-framework/assets/scripts/scenes/verletPhysics/VerletPhysicsScene.ts as cce:/internal/code-quality/cr.mjs.
debug: Resolve cc from file:///D:/My_Game/%E5%88%A5%E4%BA%BA%E5%AF%AB%E7%9A%84%E5%8F%83%E8%80%83%E7%94%A8/cocos-framework/assets/scripts/scenes/verletPhysics/VerletPhysicsScene.ts as cce:/internal/x/cc.
debug: Resolve cc from file:///D:/My_Game/%E5%88%A5%E4%BA%BA%E5%AF%AB%E7%9A%84%E5%8F%83%E8%80%83%E7%94%A8/cocos-framework/assets/scripts/scenes/verletPhysics/VerletPhysicsScene.ts as cce:/internal/x/cc.
debug: Resolve cce:/internal/code-quality/cr.mjs from file:///D:/My_Game/%E5%88%A5%E4%BA%BA%E5%AF%AB%E7%9A%84%E5%8F%83%E8%80%83%E7%94%A8/cocos-framework/assets/scripts/scenes/lineCasting/LineCaster.ts as cce:/internal/code-quality/cr.mjs.
debug: Resolve cc from file:///D:/My_Game/%E5%88%A5%E4%BA%BA%E5%AF%AB%E7%9A%84%E5%8F%83%E8%80%83%E7%94%A8/cocos-framework/assets/scripts/scenes/lineCasting/LineCaster.ts as cce:/internal/x/cc.
debug: Resolve cce:/internal/code-quality/cr.mjs from file:///D:/My_Game/%E5%88%A5%E4%BA%BA%E5%AF%AB%E7%9A%84%E5%8F%83%E8%80%83%E7%94%A8/cocos-framework/assets/scripts/scenes/rigidBodies/RigidBodyScene.ts as cce:/internal/code-quality/cr.mjs.
debug: Resolve cc from file:///D:/My_Game/%E5%88%A5%E4%BA%BA%E5%AF%AB%E7%9A%84%E5%8F%83%E8%80%83%E7%94%A8/cocos-framework/assets/scripts/scenes/rigidBodies/RigidBodyScene.ts as cce:/internal/x/cc.
debug: Resolve cc from file:///D:/My_Game/%E5%88%A5%E4%BA%BA%E5%AF%AB%E7%9A%84%E5%8F%83%E8%80%83%E7%94%A8/cocos-framework/assets/scripts/scenes/rigidBodies/RigidBodyScene.ts as cce:/internal/x/cc.
debug: Resolve cce:/internal/code-quality/cr.mjs from file:///D:/My_Game/%E5%88%A5%E4%BA%BA%E5%AF%AB%E7%9A%84%E5%8F%83%E8%80%83%E7%94%A8/cocos-framework/assets/scripts/scenes/verletPhysics/VerletSystem.ts as cce:/internal/code-quality/cr.mjs.
debug: Resolve cc from file:///D:/My_Game/%E5%88%A5%E4%BA%BA%E5%AF%AB%E7%9A%84%E5%8F%83%E8%80%83%E7%94%A8/cocos-framework/assets/scripts/scenes/verletPhysics/VerletSystem.ts as cce:/internal/x/cc.
debug: Resolve cce:/internal/code-quality/cr.mjs from file:///D:/My_Game/%E5%88%A5%E4%BA%BA%E5%AF%AB%E7%9A%84%E5%8F%83%E8%80%83%E7%94%A8/cocos-framework/assets/scripts/scenes/lineCasting/LineCastingScene.ts as cce:/internal/code-quality/cr.mjs.
debug: Resolve cc from file:///D:/My_Game/%E5%88%A5%E4%BA%BA%E5%AF%AB%E7%9A%84%E5%8F%83%E8%80%83%E7%94%A8/cocos-framework/assets/scripts/scenes/lineCasting/LineCastingScene.ts as cce:/internal/x/cc.
debug: Resolve cc from file:///D:/My_Game/%E5%88%A5%E4%BA%BA%E5%AF%AB%E7%9A%84%E5%8F%83%E8%80%83%E7%94%A8/cocos-framework/assets/scripts/scenes/lineCasting/LineCastingScene.ts as cce:/internal/x/cc.
debug: Resolve cce:/internal/code-quality/cr.mjs from file:///D:/My_Game/%E5%88%A5%E4%BA%BA%E5%AF%AB%E7%9A%84%E5%8F%83%E8%80%83%E7%94%A8/cocos-framework/assets/scripts/Input/Input.ts as cce:/internal/code-quality/cr.mjs.
debug: Resolve cc from file:///D:/My_Game/%E5%88%A5%E4%BA%BA%E5%AF%AB%E7%9A%84%E5%8F%83%E8%80%83%E7%94%A8/cocos-framework/assets/scripts/Input/Input.ts as cce:/internal/x/cc.
debug: Resolve cc from file:///D:/My_Game/%E5%88%A5%E4%BA%BA%E5%AF%AB%E7%9A%84%E5%8F%83%E8%80%83%E7%94%A8/cocos-framework/assets/scripts/Input/Input.ts as cce:/internal/x/cc.
debug: Resolve cce:/internal/code-quality/cr.mjs from file:///D:/My_Game/%E5%88%A5%E4%BA%BA%E5%AF%AB%E7%9A%84%E5%8F%83%E8%80%83%E7%94%A8/cocos-framework/assets/scripts/Input/VirtualInput.ts as cce:/internal/code-quality/cr.mjs.
debug: Resolve cc from file:///D:/My_Game/%E5%88%A5%E4%BA%BA%E5%AF%AB%E7%9A%84%E5%8F%83%E8%80%83%E7%94%A8/cocos-framework/assets/scripts/Input/VirtualInput.ts as cce:/internal/x/cc.
debug: Resolve cc from file:///D:/My_Game/%E5%88%A5%E4%BA%BA%E5%AF%AB%E7%9A%84%E5%8F%83%E8%80%83%E7%94%A8/cocos-framework/assets/scripts/Input/Keys.ts as cce:/internal/x/cc.
debug: Resolve cc from file:///D:/My_Game/%E5%88%A5%E4%BA%BA%E5%AF%AB%E7%9A%84%E5%8F%83%E8%80%83%E7%94%A8/cocos-framework/assets/scripts/Input/MouseState.ts as cce:/internal/x/cc.
debug: Resolve cce:/internal/code-quality/cr.mjs from file:///D:/My_Game/%E5%88%A5%E4%BA%BA%E5%AF%AB%E7%9A%84%E5%8F%83%E8%80%83%E7%94%A8/cocos-framework/assets/scripts/components/Mesh.ts as cce:/internal/code-quality/cr.mjs.
debug: Resolve cc from file:///D:/My_Game/%E5%88%A5%E4%BA%BA%E5%AF%AB%E7%9A%84%E5%8F%83%E8%80%83%E7%94%A8/cocos-framework/assets/scripts/components/Mesh.ts as cce:/internal/x/cc.
debug: Resolve cc from file:///D:/My_Game/%E5%88%A5%E4%BA%BA%E5%AF%AB%E7%9A%84%E5%8F%83%E8%80%83%E7%94%A8/cocos-framework/assets/scripts/components/Mesh.ts as cce:/internal/x/cc.
debug: Resolve cce:/internal/code-quality/cr.mjs from file:///D:/My_Game/%E5%88%A5%E4%BA%BA%E5%AF%AB%E7%9A%84%E5%8F%83%E8%80%83%E7%94%A8/cocos-framework/assets/scripts/components/PolygonMesh.ts as cce:/internal/code-quality/cr.mjs.
debug: Resolve cc from file:///D:/My_Game/%E5%88%A5%E4%BA%BA%E5%AF%AB%E7%9A%84%E5%8F%83%E8%80%83%E7%94%A8/cocos-framework/assets/scripts/components/PolygonMesh.ts as cce:/internal/x/cc.
debug: Resolve cce:/internal/code-quality/cr.mjs from file:///D:/My_Game/%E5%88%A5%E4%BA%BA%E5%AF%AB%E7%9A%84%E5%8F%83%E8%80%83%E7%94%A8/cocos-framework/assets/scripts/Input/VirtualIntegerAxis.ts as cce:/internal/code-quality/cr.mjs.
debug: Resolve cc from file:///D:/My_Game/%E5%88%A5%E4%BA%BA%E5%AF%AB%E7%9A%84%E5%8F%83%E8%80%83%E7%94%A8/cocos-framework/assets/scripts/Input/VirtualIntegerAxis.ts as cce:/internal/x/cc.
debug: Resolve cce:/internal/code-quality/cr.mjs from file:///D:/My_Game/%E5%88%A5%E4%BA%BA%E5%AF%AB%E7%9A%84%E5%8F%83%E8%80%83%E7%94%A8/cocos-framework/assets/scripts/components/SpriteRenderer.ts as cce:/internal/code-quality/cr.mjs.
debug: Resolve cc from file:///D:/My_Game/%E5%88%A5%E4%BA%BA%E5%AF%AB%E7%9A%84%E5%8F%83%E8%80%83%E7%94%A8/cocos-framework/assets/scripts/components/SpriteRenderer.ts as cce:/internal/x/cc.
debug: Resolve cc from file:///D:/My_Game/%E5%88%A5%E4%BA%BA%E5%AF%AB%E7%9A%84%E5%8F%83%E8%80%83%E7%94%A8/cocos-framework/assets/scripts/components/SpriteRenderer.ts as cce:/internal/x/cc.
debug: Resolve cce:/internal/code-quality/cr.mjs from file:///D:/My_Game/%E5%88%A5%E4%BA%BA%E5%AF%AB%E7%9A%84%E5%8F%83%E8%80%83%E7%94%A8/cocos-framework/assets/scripts/Input/VirtualAxis.ts as cce:/internal/code-quality/cr.mjs.
debug: Resolve cc from file:///D:/My_Game/%E5%88%A5%E4%BA%BA%E5%AF%AB%E7%9A%84%E5%8F%83%E8%80%83%E7%94%A8/cocos-framework/assets/scripts/Input/VirtualAxis.ts as cce:/internal/x/cc.
debug: Resolve cc from file:///D:/My_Game/%E5%88%A5%E4%BA%BA%E5%AF%AB%E7%9A%84%E5%8F%83%E8%80%83%E7%94%A8/cocos-framework/assets/scripts/components/PolygonSprite.ts as cce:/internal/x/cc.
debug: Resolve cc from file:///D:/My_Game/%E5%88%A5%E4%BA%BA%E5%AF%AB%E7%9A%84%E5%8F%83%E8%80%83%E7%94%A8/cocos-framework/assets/scripts/components/PolygonSprite.ts as cce:/internal/x/cc.
debug: Resolve ./RenderScene from file:///D:/My_Game/%E5%88%A5%E4%BA%BA%E5%AF%AB%E7%9A%84%E5%8F%83%E8%80%83%E7%94%A8/cocos-framework/assets/scripts/scenes/BasicScene.ts as file:///D:/My_Game/%E5%88%A5%E4%BA%BA%E5%AF%AB%E7%9A%84%E5%8F%83%E8%80%83%E7%94%A8/cocos-framework/assets/scripts/scenes/RenderScene.ts.
debug: Resolve cce:/internal/code-quality/cr.mjs from file:///D:/My_Game/%E5%88%A5%E4%BA%BA%E5%AF%AB%E7%9A%84%E5%8F%83%E8%80%83%E7%94%A8/cocos-framework/assets/scripts/components/component_camera.ts as cce:/internal/code-quality/cr.mjs.
debug: Resolve cc from file:///D:/My_Game/%E5%88%A5%E4%BA%BA%E5%AF%AB%E7%9A%84%E5%8F%83%E8%80%83%E7%94%A8/cocos-framework/assets/scripts/components/component_camera.ts as cce:/internal/x/cc.
debug: Resolve cc from file:///D:/My_Game/%E5%88%A5%E4%BA%BA%E5%AF%AB%E7%9A%84%E5%8F%83%E8%80%83%E7%94%A8/cocos-framework/assets/scripts/components/component_camera.ts as cce:/internal/x/cc.
debug: Resolve ../../components/SpriteRenderer from file:///D:/My_Game/%E5%88%A5%E4%BA%BA%E5%AF%AB%E7%9A%84%E5%8F%83%E8%80%83%E7%94%A8/cocos-framework/assets/scripts/scenes/collider/ColliderScene.ts as file:///D:/My_Game/%E5%88%A5%E4%BA%BA%E5%AF%AB%E7%9A%84%E5%8F%83%E8%80%83%E7%94%A8/cocos-framework/assets/scripts/components/SpriteRenderer.ts.
debug: Resolve ../RenderScene from file:///D:/My_Game/%E5%88%A5%E4%BA%BA%E5%AF%AB%E7%9A%84%E5%8F%83%E8%80%83%E7%94%A8/cocos-framework/assets/scripts/scenes/collider/ColliderScene.ts as file:///D:/My_Game/%E5%88%A5%E4%BA%BA%E5%AF%AB%E7%9A%84%E5%8F%83%E8%80%83%E7%94%A8/cocos-framework/assets/scripts/scenes/RenderScene.ts.
debug: Resolve ./ColliderTrigger from file:///D:/My_Game/%E5%88%A5%E4%BA%BA%E5%AF%AB%E7%9A%84%E5%8F%83%E8%80%83%E7%94%A8/cocos-framework/assets/scripts/scenes/collider/ColliderScene.ts as file:///D:/My_Game/%E5%88%A5%E4%BA%BA%E5%AF%AB%E7%9A%84%E5%8F%83%E8%80%83%E7%94%A8/cocos-framework/assets/scripts/scenes/collider/ColliderTrigger.ts.
debug: Resolve ./graphics/Batcher from file:///D:/My_Game/%E5%88%A5%E4%BA%BA%E5%AF%AB%E7%9A%84%E5%8F%83%E8%80%83%E7%94%A8/cocos-framework/assets/scripts/Main.ts as file:///D:/My_Game/%E5%88%A5%E4%BA%BA%E5%AF%AB%E7%9A%84%E5%8F%83%E8%80%83%E7%94%A8/cocos-framework/assets/scripts/graphics/Batcher.ts.
debug: Resolve ./Input/Input from file:///D:/My_Game/%E5%88%A5%E4%BA%BA%E5%AF%AB%E7%9A%84%E5%8F%83%E8%80%83%E7%94%A8/cocos-framework/assets/scripts/Main.ts as file:///D:/My_Game/%E5%88%A5%E4%BA%BA%E5%AF%AB%E7%9A%84%E5%8F%83%E8%80%83%E7%94%A8/cocos-framework/assets/scripts/Input/Input.ts.
debug: Resolve ./Input/KeyboardUtils from file:///D:/My_Game/%E5%88%A5%E4%BA%BA%E5%AF%AB%E7%9A%84%E5%8F%83%E8%80%83%E7%94%A8/cocos-framework/assets/scripts/Main.ts as file:///D:/My_Game/%E5%88%A5%E4%BA%BA%E5%AF%AB%E7%9A%84%E5%8F%83%E8%80%83%E7%94%A8/cocos-framework/assets/scripts/Input/KeyboardUtils.ts.
debug: Resolve ./scenes/BasicScene from file:///D:/My_Game/%E5%88%A5%E4%BA%BA%E5%AF%AB%E7%9A%84%E5%8F%83%E8%80%83%E7%94%A8/cocos-framework/assets/scripts/Main.ts as file:///D:/My_Game/%E5%88%A5%E4%BA%BA%E5%AF%AB%E7%9A%84%E5%8F%83%E8%80%83%E7%94%A8/cocos-framework/assets/scripts/scenes/BasicScene.ts.
debug: Resolve ./scenes/RenderScene from file:///D:/My_Game/%E5%88%A5%E4%BA%BA%E5%AF%AB%E7%9A%84%E5%8F%83%E8%80%83%E7%94%A8/cocos-framework/assets/scripts/Main.ts as file:///D:/My_Game/%E5%88%A5%E4%BA%BA%E5%AF%AB%E7%9A%84%E5%8F%83%E8%80%83%E7%94%A8/cocos-framework/assets/scripts/scenes/RenderScene.ts.
debug: Resolve cce:/internal/code-quality/cr.mjs from file:///D:/My_Game/%E5%88%A5%E4%BA%BA%E5%AF%AB%E7%9A%84%E5%8F%83%E8%80%83%E7%94%A8/cocos-framework/assets/scripts/graphics/Batcher.ts as cce:/internal/code-quality/cr.mjs.
debug: Resolve cc from file:///D:/My_Game/%E5%88%A5%E4%BA%BA%E5%AF%AB%E7%9A%84%E5%8F%83%E8%80%83%E7%94%A8/cocos-framework/assets/scripts/graphics/Batcher.ts as cce:/internal/x/cc.
debug: Resolve cc from file:///D:/My_Game/%E5%88%A5%E4%BA%BA%E5%AF%AB%E7%9A%84%E5%8F%83%E8%80%83%E7%94%A8/cocos-framework/assets/scripts/graphics/Batcher.ts as cce:/internal/x/cc.
debug: Resolve ../components/component_camera from file:///D:/My_Game/%E5%88%A5%E4%BA%BA%E5%AF%AB%E7%9A%84%E5%8F%83%E8%80%83%E7%94%A8/cocos-framework/assets/scripts/scenes/RenderScene.ts as file:///D:/My_Game/%E5%88%A5%E4%BA%BA%E5%AF%AB%E7%9A%84%E5%8F%83%E8%80%83%E7%94%A8/cocos-framework/assets/scripts/components/component_camera.ts.
debug: Resolve ../../components/SpriteRenderer from file:///D:/My_Game/%E5%88%A5%E4%BA%BA%E5%AF%AB%E7%9A%84%E5%8F%83%E8%80%83%E7%94%A8/cocos-framework/assets/scripts/scenes/verletPhysics/VerletPhysicsScene.ts as file:///D:/My_Game/%E5%88%A5%E4%BA%BA%E5%AF%AB%E7%9A%84%E5%8F%83%E8%80%83%E7%94%A8/cocos-framework/assets/scripts/components/SpriteRenderer.ts.
debug: Resolve ../RenderScene from file:///D:/My_Game/%E5%88%A5%E4%BA%BA%E5%AF%AB%E7%9A%84%E5%8F%83%E8%80%83%E7%94%A8/cocos-framework/assets/scripts/scenes/verletPhysics/VerletPhysicsScene.ts as file:///D:/My_Game/%E5%88%A5%E4%BA%BA%E5%AF%AB%E7%9A%84%E5%8F%83%E8%80%83%E7%94%A8/cocos-framework/assets/scripts/scenes/RenderScene.ts.
debug: Resolve ../../components/component_camera from file:///D:/My_Game/%E5%88%A5%E4%BA%BA%E5%AF%AB%E7%9A%84%E5%8F%83%E8%80%83%E7%94%A8/cocos-framework/assets/scripts/scenes/lineCasting/LineCaster.ts as file:///D:/My_Game/%E5%88%A5%E4%BA%BA%E5%AF%AB%E7%9A%84%E5%8F%83%E8%80%83%E7%94%A8/cocos-framework/assets/scripts/components/component_camera.ts.
debug: Resolve ../../Input/Input from file:///D:/My_Game/%E5%88%A5%E4%BA%BA%E5%AF%AB%E7%9A%84%E5%8F%83%E8%80%83%E7%94%A8/cocos-framework/assets/scripts/scenes/lineCasting/LineCaster.ts as file:///D:/My_Game/%E5%88%A5%E4%BA%BA%E5%AF%AB%E7%9A%84%E5%8F%83%E8%80%83%E7%94%A8/cocos-framework/assets/scripts/Input/Input.ts.
debug: Resolve ../../Input/Keys from file:///D:/My_Game/%E5%88%A5%E4%BA%BA%E5%AF%AB%E7%9A%84%E5%8F%83%E8%80%83%E7%94%A8/cocos-framework/assets/scripts/scenes/lineCasting/LineCaster.ts as file:///D:/My_Game/%E5%88%A5%E4%BA%BA%E5%AF%AB%E7%9A%84%E5%8F%83%E8%80%83%E7%94%A8/cocos-framework/assets/scripts/Input/Keys.ts.
debug: Resolve ../../components/SpriteRenderer from file:///D:/My_Game/%E5%88%A5%E4%BA%BA%E5%AF%AB%E7%9A%84%E5%8F%83%E8%80%83%E7%94%A8/cocos-framework/assets/scripts/scenes/rigidBodies/RigidBodyScene.ts as file:///D:/My_Game/%E5%88%A5%E4%BA%BA%E5%AF%AB%E7%9A%84%E5%8F%83%E8%80%83%E7%94%A8/cocos-framework/assets/scripts/components/SpriteRenderer.ts.
debug: Resolve ../RenderScene from file:///D:/My_Game/%E5%88%A5%E4%BA%BA%E5%AF%AB%E7%9A%84%E5%8F%83%E8%80%83%E7%94%A8/cocos-framework/assets/scripts/scenes/rigidBodies/RigidBodyScene.ts as file:///D:/My_Game/%E5%88%A5%E4%BA%BA%E5%AF%AB%E7%9A%84%E5%8F%83%E8%80%83%E7%94%A8/cocos-framework/assets/scripts/scenes/RenderScene.ts.
debug: Resolve ../components/SpriteRenderer from file:///D:/My_Game/%E5%88%A5%E4%BA%BA%E5%AF%AB%E7%9A%84%E5%8F%83%E8%80%83%E7%94%A8/cocos-framework/assets/scripts/scenes/BasicScene.ts as file:///D:/My_Game/%E5%88%A5%E4%BA%BA%E5%AF%AB%E7%9A%84%E5%8F%83%E8%80%83%E7%94%A8/cocos-framework/assets/scripts/components/SpriteRenderer.ts.
debug: Resolve ./VerletSystem from file:///D:/My_Game/%E5%88%A5%E4%BA%BA%E5%AF%AB%E7%9A%84%E5%8F%83%E8%80%83%E7%94%A8/cocos-framework/assets/scripts/scenes/verletPhysics/VerletPhysicsScene.ts as file:///D:/My_Game/%E5%88%A5%E4%BA%BA%E5%AF%AB%E7%9A%84%E5%8F%83%E8%80%83%E7%94%A8/cocos-framework/assets/scripts/scenes/verletPhysics/VerletSystem.ts.
debug: Resolve ../../components/component_camera from file:///D:/My_Game/%E5%88%A5%E4%BA%BA%E5%AF%AB%E7%9A%84%E5%8F%83%E8%80%83%E7%94%A8/cocos-framework/assets/scripts/scenes/verletPhysics/VerletSystem.ts as file:///D:/My_Game/%E5%88%A5%E4%BA%BA%E5%AF%AB%E7%9A%84%E5%8F%83%E8%80%83%E7%94%A8/cocos-framework/assets/scripts/components/component_camera.ts.
debug: Resolve ../../Input/Keys from file:///D:/My_Game/%E5%88%A5%E4%BA%BA%E5%AF%AB%E7%9A%84%E5%8F%83%E8%80%83%E7%94%A8/cocos-framework/assets/scripts/scenes/verletPhysics/VerletSystem.ts as file:///D:/My_Game/%E5%88%A5%E4%BA%BA%E5%AF%AB%E7%9A%84%E5%8F%83%E8%80%83%E7%94%A8/cocos-framework/assets/scripts/Input/Keys.ts.
debug: Resolve ../../Input/Input from file:///D:/My_Game/%E5%88%A5%E4%BA%BA%E5%AF%AB%E7%9A%84%E5%8F%83%E8%80%83%E7%94%A8/cocos-framework/assets/scripts/scenes/verletPhysics/VerletSystem.ts as file:///D:/My_Game/%E5%88%A5%E4%BA%BA%E5%AF%AB%E7%9A%84%E5%8F%83%E8%80%83%E7%94%A8/cocos-framework/assets/scripts/Input/Input.ts.
debug: Resolve cce:/internal/code-quality/cr.mjs from file:///D:/My_Game/%E5%88%A5%E4%BA%BA%E5%AF%AB%E7%9A%84%E5%8F%83%E8%80%83%E7%94%A8/cocos-framework/assets/scripts/Input/KeyboardUtils.ts as cce:/internal/code-quality/cr.mjs.
debug: Resolve cc from file:///D:/My_Game/%E5%88%A5%E4%BA%BA%E5%AF%AB%E7%9A%84%E5%8F%83%E8%80%83%E7%94%A8/cocos-framework/assets/scripts/Input/KeyboardUtils.ts as cce:/internal/x/cc.
debug: Resolve cc from file:///D:/My_Game/%E5%88%A5%E4%BA%BA%E5%AF%AB%E7%9A%84%E5%8F%83%E8%80%83%E7%94%A8/cocos-framework/assets/scripts/Input/KeyboardUtils.ts as cce:/internal/x/cc.
debug: Resolve ../../components/SpriteRenderer from file:///D:/My_Game/%E5%88%A5%E4%BA%BA%E5%AF%AB%E7%9A%84%E5%8F%83%E8%80%83%E7%94%A8/cocos-framework/assets/scripts/scenes/lineCasting/LineCastingScene.ts as file:///D:/My_Game/%E5%88%A5%E4%BA%BA%E5%AF%AB%E7%9A%84%E5%8F%83%E8%80%83%E7%94%A8/cocos-framework/assets/scripts/components/SpriteRenderer.ts.
debug: Resolve ./LineCaster from file:///D:/My_Game/%E5%88%A5%E4%BA%BA%E5%AF%AB%E7%9A%84%E5%8F%83%E8%80%83%E7%94%A8/cocos-framework/assets/scripts/scenes/lineCasting/LineCastingScene.ts as file:///D:/My_Game/%E5%88%A5%E4%BA%BA%E5%AF%AB%E7%9A%84%E5%8F%83%E8%80%83%E7%94%A8/cocos-framework/assets/scripts/scenes/lineCasting/LineCaster.ts.
debug: Resolve ../RenderScene from file:///D:/My_Game/%E5%88%A5%E4%BA%BA%E5%AF%AB%E7%9A%84%E5%8F%83%E8%80%83%E7%94%A8/cocos-framework/assets/scripts/scenes/lineCasting/LineCastingScene.ts as file:///D:/My_Game/%E5%88%A5%E4%BA%BA%E5%AF%AB%E7%9A%84%E5%8F%83%E8%80%83%E7%94%A8/cocos-framework/assets/scripts/scenes/RenderScene.ts.
debug: Resolve ./KeyboardUtils from file:///D:/My_Game/%E5%88%A5%E4%BA%BA%E5%AF%AB%E7%9A%84%E5%8F%83%E8%80%83%E7%94%A8/cocos-framework/assets/scripts/Input/Input.ts as file:///D:/My_Game/%E5%88%A5%E4%BA%BA%E5%AF%AB%E7%9A%84%E5%8F%83%E8%80%83%E7%94%A8/cocos-framework/assets/scripts/Input/KeyboardUtils.ts.
debug: Resolve ./MouseState from file:///D:/My_Game/%E5%88%A5%E4%BA%BA%E5%AF%AB%E7%9A%84%E5%8F%83%E8%80%83%E7%94%A8/cocos-framework/assets/scripts/Input/Input.ts as file:///D:/My_Game/%E5%88%A5%E4%BA%BA%E5%AF%AB%E7%9A%84%E5%8F%83%E8%80%83%E7%94%A8/cocos-framework/assets/scripts/Input/MouseState.ts.
debug: Resolve ./Input from file:///D:/My_Game/%E5%88%A5%E4%BA%BA%E5%AF%AB%E7%9A%84%E5%8F%83%E8%80%83%E7%94%A8/cocos-framework/assets/scripts/Input/VirtualInput.ts as file:///D:/My_Game/%E5%88%A5%E4%BA%BA%E5%AF%AB%E7%9A%84%E5%8F%83%E8%80%83%E7%94%A8/cocos-framework/assets/scripts/Input/Input.ts.
debug: Resolve ./Mesh from file:///D:/My_Game/%E5%88%A5%E4%BA%BA%E5%AF%AB%E7%9A%84%E5%8F%83%E8%80%83%E7%94%A8/cocos-framework/assets/scripts/components/PolygonMesh.ts as file:///D:/My_Game/%E5%88%A5%E4%BA%BA%E5%AF%AB%E7%9A%84%E5%8F%83%E8%80%83%E7%94%A8/cocos-framework/assets/scripts/components/Mesh.ts.
debug: Resolve ./VirtualAxis from file:///D:/My_Game/%E5%88%A5%E4%BA%BA%E5%AF%AB%E7%9A%84%E5%8F%83%E8%80%83%E7%94%A8/cocos-framework/assets/scripts/Input/VirtualIntegerAxis.ts as file:///D:/My_Game/%E5%88%A5%E4%BA%BA%E5%AF%AB%E7%9A%84%E5%8F%83%E8%80%83%E7%94%A8/cocos-framework/assets/scripts/Input/VirtualAxis.ts.
debug: Resolve ./VirtualInput from file:///D:/My_Game/%E5%88%A5%E4%BA%BA%E5%AF%AB%E7%9A%84%E5%8F%83%E8%80%83%E7%94%A8/cocos-framework/assets/scripts/Input/VirtualIntegerAxis.ts as file:///D:/My_Game/%E5%88%A5%E4%BA%BA%E5%AF%AB%E7%9A%84%E5%8F%83%E8%80%83%E7%94%A8/cocos-framework/assets/scripts/Input/VirtualInput.ts.
debug: Resolve ./Input from file:///D:/My_Game/%E5%88%A5%E4%BA%BA%E5%AF%AB%E7%9A%84%E5%8F%83%E8%80%83%E7%94%A8/cocos-framework/assets/scripts/Input/VirtualAxis.ts as file:///D:/My_Game/%E5%88%A5%E4%BA%BA%E5%AF%AB%E7%9A%84%E5%8F%83%E8%80%83%E7%94%A8/cocos-framework/assets/scripts/Input/Input.ts.
debug: Resolve ./VirtualInput from file:///D:/My_Game/%E5%88%A5%E4%BA%BA%E5%AF%AB%E7%9A%84%E5%8F%83%E8%80%83%E7%94%A8/cocos-framework/assets/scripts/Input/VirtualAxis.ts as file:///D:/My_Game/%E5%88%A5%E4%BA%BA%E5%AF%AB%E7%9A%84%E5%8F%83%E8%80%83%E7%94%A8/cocos-framework/assets/scripts/Input/VirtualInput.ts.
debug: Resolve ./VirtualIntegerAxis from file:///D:/My_Game/%E5%88%A5%E4%BA%BA%E5%AF%AB%E7%9A%84%E5%8F%83%E8%80%83%E7%94%A8/cocos-framework/assets/scripts/Input/VirtualAxis.ts as file:///D:/My_Game/%E5%88%A5%E4%BA%BA%E5%AF%AB%E7%9A%84%E5%8F%83%E8%80%83%E7%94%A8/cocos-framework/assets/scripts/Input/VirtualIntegerAxis.ts.
debug: Resolve ../Input/Input from file:///D:/My_Game/%E5%88%A5%E4%BA%BA%E5%AF%AB%E7%9A%84%E5%8F%83%E8%80%83%E7%94%A8/cocos-framework/assets/scripts/components/component_camera.ts as file:///D:/My_Game/%E5%88%A5%E4%BA%BA%E5%AF%AB%E7%9A%84%E5%8F%83%E8%80%83%E7%94%A8/cocos-framework/assets/scripts/Input/Input.ts.
debug: Target(editor) ends with cost 1118.0708000063896ms.
debug: Target(preview) build started.
debug: Inspect cce:/internal/x/cc
debug: Resolve cce:/internal/x/cc-fu/base from cce:/internal/x/cc as external dependency cce:/internal/x/cc-fu/base.
debug: Resolve cce:/internal/x/cc-fu/gfx-webgl from cce:/internal/x/cc as external dependency cce:/internal/x/cc-fu/gfx-webgl.
debug: Resolve cce:/internal/x/cc-fu/gfx-webgl2 from cce:/internal/x/cc as external dependency cce:/internal/x/cc-fu/gfx-webgl2.
debug: Resolve cce:/internal/x/cc-fu/3d from cce:/internal/x/cc as external dependency cce:/internal/x/cc-fu/3d.
debug: Resolve cce:/internal/x/cc-fu/2d from cce:/internal/x/cc as external dependency cce:/internal/x/cc-fu/2d.
debug: Resolve cce:/internal/x/cc-fu/ui from cce:/internal/x/cc as external dependency cce:/internal/x/cc-fu/ui.
debug: Resolve cce:/internal/x/cc-fu/particle from cce:/internal/x/cc as external dependency cce:/internal/x/cc-fu/particle.
debug: Resolve cce:/internal/x/cc-fu/physics-ammo from cce:/internal/x/cc as external dependency cce:/internal/x/cc-fu/physics-ammo.
debug: Resolve cce:/internal/x/cc-fu/physics-framework from cce:/internal/x/cc as external dependency cce:/internal/x/cc-fu/physics-framework.
debug: Resolve cce:/internal/x/cc-fu/wait-for-ammo-instantiation from cce:/internal/x/cc as external dependency cce:/internal/x/cc-fu/wait-for-ammo-instantiation.
debug: Resolve cce:/internal/x/cc-fu/physics-2d-box2d from cce:/internal/x/cc as external dependency cce:/internal/x/cc-fu/physics-2d-box2d.
debug: Resolve cce:/internal/x/cc-fu/physics-2d-framework from cce:/internal/x/cc as external dependency cce:/internal/x/cc-fu/physics-2d-framework.
debug: Resolve cce:/internal/x/cc-fu/intersection-2d from cce:/internal/x/cc as external dependency cce:/internal/x/cc-fu/intersection-2d.
debug: Resolve cce:/internal/x/cc-fu/primitive from cce:/internal/x/cc as external dependency cce:/internal/x/cc-fu/primitive.
debug: Resolve cce:/internal/x/cc-fu/profiler from cce:/internal/x/cc as external dependency cce:/internal/x/cc-fu/profiler.
debug: Resolve cce:/internal/x/cc-fu/particle-2d from cce:/internal/x/cc as external dependency cce:/internal/x/cc-fu/particle-2d.
debug: Resolve cce:/internal/x/cc-fu/audio from cce:/internal/x/cc as external dependency cce:/internal/x/cc-fu/audio.
debug: Resolve cce:/internal/x/cc-fu/video from cce:/internal/x/cc as external dependency cce:/internal/x/cc-fu/video.
debug: Resolve cce:/internal/x/cc-fu/webview from cce:/internal/x/cc as external dependency cce:/internal/x/cc-fu/webview.
debug: Resolve cce:/internal/x/cc-fu/tween from cce:/internal/x/cc as external dependency cce:/internal/x/cc-fu/tween.
debug: Resolve cce:/internal/x/cc-fu/terrain from cce:/internal/x/cc as external dependency cce:/internal/x/cc-fu/terrain.
debug: Resolve cce:/internal/x/cc-fu/tiled-map from cce:/internal/x/cc as external dependency cce:/internal/x/cc-fu/tiled-map.
debug: Resolve cce:/internal/x/cc-fu/spine from cce:/internal/x/cc as external dependency cce:/internal/x/cc-fu/spine.
debug: Resolve cce:/internal/x/cc-fu/dragon-bones from cce:/internal/x/cc as external dependency cce:/internal/x/cc-fu/dragon-bones.
debug: Inspect cce:/internal/x/prerequisite-imports
debug: Resolve file:///D:/My_Game/%E5%88%A5%E4%BA%BA%E5%AF%AB%E7%9A%84%E5%8F%83%E8%80%83%E7%94%A8/cocos-framework/assets/scripts/Input/Input.ts from cce:/internal/x/prerequisite-imports as file:///D:/My_Game/%E5%88%A5%E4%BA%BA%E5%AF%AB%E7%9A%84%E5%8F%83%E8%80%83%E7%94%A8/cocos-framework/assets/scripts/Input/Input.ts.
debug: Resolve file:///D:/My_Game/%E5%88%A5%E4%BA%BA%E5%AF%AB%E7%9A%84%E5%8F%83%E8%80%83%E7%94%A8/cocos-framework/assets/scripts/Input/KeyboardUtils.ts from cce:/internal/x/prerequisite-imports as file:///D:/My_Game/%E5%88%A5%E4%BA%BA%E5%AF%AB%E7%9A%84%E5%8F%83%E8%80%83%E7%94%A8/cocos-framework/assets/scripts/Input/KeyboardUtils.ts.
debug: Resolve file:///D:/My_Game/%E5%88%A5%E4%BA%BA%E5%AF%AB%E7%9A%84%E5%8F%83%E8%80%83%E7%94%A8/cocos-framework/assets/scripts/Input/Keys.ts from cce:/internal/x/prerequisite-imports as file:///D:/My_Game/%E5%88%A5%E4%BA%BA%E5%AF%AB%E7%9A%84%E5%8F%83%E8%80%83%E7%94%A8/cocos-framework/assets/scripts/Input/Keys.ts.
debug: Resolve file:///D:/My_Game/%E5%88%A5%E4%BA%BA%E5%AF%AB%E7%9A%84%E5%8F%83%E8%80%83%E7%94%A8/cocos-framework/assets/scripts/Input/MouseState.ts from cce:/internal/x/prerequisite-imports as file:///D:/My_Game/%E5%88%A5%E4%BA%BA%E5%AF%AB%E7%9A%84%E5%8F%83%E8%80%83%E7%94%A8/cocos-framework/assets/scripts/Input/MouseState.ts.
debug: Resolve file:///D:/My_Game/%E5%88%A5%E4%BA%BA%E5%AF%AB%E7%9A%84%E5%8F%83%E8%80%83%E7%94%A8/cocos-framework/assets/scripts/Input/VirtualAxis.ts from cce:/internal/x/prerequisite-imports as file:///D:/My_Game/%E5%88%A5%E4%BA%BA%E5%AF%AB%E7%9A%84%E5%8F%83%E8%80%83%E7%94%A8/cocos-framework/assets/scripts/Input/VirtualAxis.ts.
debug: Resolve file:///D:/My_Game/%E5%88%A5%E4%BA%BA%E5%AF%AB%E7%9A%84%E5%8F%83%E8%80%83%E7%94%A8/cocos-framework/assets/scripts/Input/VirtualInput.ts from cce:/internal/x/prerequisite-imports as file:///D:/My_Game/%E5%88%A5%E4%BA%BA%E5%AF%AB%E7%9A%84%E5%8F%83%E8%80%83%E7%94%A8/cocos-framework/assets/scripts/Input/VirtualInput.ts.
debug: Resolve file:///D:/My_Game/%E5%88%A5%E4%BA%BA%E5%AF%AB%E7%9A%84%E5%8F%83%E8%80%83%E7%94%A8/cocos-framework/assets/scripts/Input/VirtualIntegerAxis.ts from cce:/internal/x/prerequisite-imports as file:///D:/My_Game/%E5%88%A5%E4%BA%BA%E5%AF%AB%E7%9A%84%E5%8F%83%E8%80%83%E7%94%A8/cocos-framework/assets/scripts/Input/VirtualIntegerAxis.ts.
debug: Resolve file:///D:/My_Game/%E5%88%A5%E4%BA%BA%E5%AF%AB%E7%9A%84%E5%8F%83%E8%80%83%E7%94%A8/cocos-framework/assets/scripts/Main.ts from cce:/internal/x/prerequisite-imports as file:///D:/My_Game/%E5%88%A5%E4%BA%BA%E5%AF%AB%E7%9A%84%E5%8F%83%E8%80%83%E7%94%A8/cocos-framework/assets/scripts/Main.ts.
debug: Resolve file:///D:/My_Game/%E5%88%A5%E4%BA%BA%E5%AF%AB%E7%9A%84%E5%8F%83%E8%80%83%E7%94%A8/cocos-framework/assets/scripts/components/Mesh.ts from cce:/internal/x/prerequisite-imports as file:///D:/My_Game/%E5%88%A5%E4%BA%BA%E5%AF%AB%E7%9A%84%E5%8F%83%E8%80%83%E7%94%A8/cocos-framework/assets/scripts/components/Mesh.ts.
debug: Resolve file:///D:/My_Game/%E5%88%A5%E4%BA%BA%E5%AF%AB%E7%9A%84%E5%8F%83%E8%80%83%E7%94%A8/cocos-framework/assets/scripts/components/PolygonMesh.ts from cce:/internal/x/prerequisite-imports as file:///D:/My_Game/%E5%88%A5%E4%BA%BA%E5%AF%AB%E7%9A%84%E5%8F%83%E8%80%83%E7%94%A8/cocos-framework/assets/scripts/components/PolygonMesh.ts.
debug: Resolve file:///D:/My_Game/%E5%88%A5%E4%BA%BA%E5%AF%AB%E7%9A%84%E5%8F%83%E8%80%83%E7%94%A8/cocos-framework/assets/scripts/components/PolygonSprite.ts from cce:/internal/x/prerequisite-imports as file:///D:/My_Game/%E5%88%A5%E4%BA%BA%E5%AF%AB%E7%9A%84%E5%8F%83%E8%80%83%E7%94%A8/cocos-framework/assets/scripts/components/PolygonSprite.ts.
debug: Resolve file:///D:/My_Game/%E5%88%A5%E4%BA%BA%E5%AF%AB%E7%9A%84%E5%8F%83%E8%80%83%E7%94%A8/cocos-framework/assets/scripts/components/SpriteRenderer.ts from cce:/internal/x/prerequisite-imports as file:///D:/My_Game/%E5%88%A5%E4%BA%BA%E5%AF%AB%E7%9A%84%E5%8F%83%E8%80%83%E7%94%A8/cocos-framework/assets/scripts/components/SpriteRenderer.ts.
debug: Resolve file:///D:/My_Game/%E5%88%A5%E4%BA%BA%E5%AF%AB%E7%9A%84%E5%8F%83%E8%80%83%E7%94%A8/cocos-framework/assets/scripts/components/component_camera.ts from cce:/internal/x/prerequisite-imports as file:///D:/My_Game/%E5%88%A5%E4%BA%BA%E5%AF%AB%E7%9A%84%E5%8F%83%E8%80%83%E7%94%A8/cocos-framework/assets/scripts/components/component_camera.ts.
debug: Resolve file:///D:/My_Game/%E5%88%A5%E4%BA%BA%E5%AF%AB%E7%9A%84%E5%8F%83%E8%80%83%E7%94%A8/cocos-framework/assets/scripts/graphics/Batcher.ts from cce:/internal/x/prerequisite-imports as file:///D:/My_Game/%E5%88%A5%E4%BA%BA%E5%AF%AB%E7%9A%84%E5%8F%83%E8%80%83%E7%94%A8/cocos-framework/assets/scripts/graphics/Batcher.ts.
debug: Resolve file:///D:/My_Game/%E5%88%A5%E4%BA%BA%E5%AF%AB%E7%9A%84%E5%8F%83%E8%80%83%E7%94%A8/cocos-framework/assets/scripts/scenes/RenderScene.ts from cce:/internal/x/prerequisite-imports as file:///D:/My_Game/%E5%88%A5%E4%BA%BA%E5%AF%AB%E7%9A%84%E5%8F%83%E8%80%83%E7%94%A8/cocos-framework/assets/scripts/scenes/RenderScene.ts.
debug: Resolve file:///D:/My_Game/%E5%88%A5%E4%BA%BA%E5%AF%AB%E7%9A%84%E5%8F%83%E8%80%83%E7%94%A8/cocos-framework/assets/scripts/scenes/collider/ColliderScene.ts from cce:/internal/x/prerequisite-imports as file:///D:/My_Game/%E5%88%A5%E4%BA%BA%E5%AF%AB%E7%9A%84%E5%8F%83%E8%80%83%E7%94%A8/cocos-framework/assets/scripts/scenes/collider/ColliderScene.ts.
debug: Resolve file:///D:/My_Game/%E5%88%A5%E4%BA%BA%E5%AF%AB%E7%9A%84%E5%8F%83%E8%80%83%E7%94%A8/cocos-framework/assets/scripts/scenes/collider/ColliderTrigger.ts from cce:/internal/x/prerequisite-imports as file:///D:/My_Game/%E5%88%A5%E4%BA%BA%E5%AF%AB%E7%9A%84%E5%8F%83%E8%80%83%E7%94%A8/cocos-framework/assets/scripts/scenes/collider/ColliderTrigger.ts.
debug: Resolve file:///D:/My_Game/%E5%88%A5%E4%BA%BA%E5%AF%AB%E7%9A%84%E5%8F%83%E8%80%83%E7%94%A8/cocos-framework/assets/scripts/scenes/lineCasting/LineCaster.ts from cce:/internal/x/prerequisite-imports as file:///D:/My_Game/%E5%88%A5%E4%BA%BA%E5%AF%AB%E7%9A%84%E5%8F%83%E8%80%83%E7%94%A8/cocos-framework/assets/scripts/scenes/lineCasting/LineCaster.ts.
debug: Resolve file:///D:/My_Game/%E5%88%A5%E4%BA%BA%E5%AF%AB%E7%9A%84%E5%8F%83%E8%80%83%E7%94%A8/cocos-framework/assets/scripts/scenes/lineCasting/LineCastingScene.ts from cce:/internal/x/prerequisite-imports as file:///D:/My_Game/%E5%88%A5%E4%BA%BA%E5%AF%AB%E7%9A%84%E5%8F%83%E8%80%83%E7%94%A8/cocos-framework/assets/scripts/scenes/lineCasting/LineCastingScene.ts.
debug: Resolve file:///D:/My_Game/%E5%88%A5%E4%BA%BA%E5%AF%AB%E7%9A%84%E5%8F%83%E8%80%83%E7%94%A8/cocos-framework/assets/scripts/scenes/rigidBodies/RigidBodyScene.ts from cce:/internal/x/prerequisite-imports as file:///D:/My_Game/%E5%88%A5%E4%BA%BA%E5%AF%AB%E7%9A%84%E5%8F%83%E8%80%83%E7%94%A8/cocos-framework/assets/scripts/scenes/rigidBodies/RigidBodyScene.ts.
debug: Resolve file:///D:/My_Game/%E5%88%A5%E4%BA%BA%E5%AF%AB%E7%9A%84%E5%8F%83%E8%80%83%E7%94%A8/cocos-framework/assets/scripts/scenes/verletPhysics/VerletPhysicsScene.ts from cce:/internal/x/prerequisite-imports as file:///D:/My_Game/%E5%88%A5%E4%BA%BA%E5%AF%AB%E7%9A%84%E5%8F%83%E8%80%83%E7%94%A8/cocos-framework/assets/scripts/scenes/verletPhysics/VerletPhysicsScene.ts.
debug: Resolve file:///D:/My_Game/%E5%88%A5%E4%BA%BA%E5%AF%AB%E7%9A%84%E5%8F%83%E8%80%83%E7%94%A8/cocos-framework/assets/scripts/scenes/verletPhysics/VerletSystem.ts from cce:/internal/x/prerequisite-imports as file:///D:/My_Game/%E5%88%A5%E4%BA%BA%E5%AF%AB%E7%9A%84%E5%8F%83%E8%80%83%E7%94%A8/cocos-framework/assets/scripts/scenes/verletPhysics/VerletSystem.ts.
debug: Resolve file:///D:/My_Game/%E5%88%A5%E4%BA%BA%E5%AF%AB%E7%9A%84%E5%8F%83%E8%80%83%E7%94%A8/cocos-framework/assets/scripts/scenes/BasicScene.ts from cce:/internal/x/prerequisite-imports as file:///D:/My_Game/%E5%88%A5%E4%BA%BA%E5%AF%AB%E7%9A%84%E5%8F%83%E8%80%83%E7%94%A8/cocos-framework/assets/scripts/scenes/BasicScene.ts.
debug: Inspect file:///D:/My_Game/%E5%88%A5%E4%BA%BA%E5%AF%AB%E7%9A%84%E5%8F%83%E8%80%83%E7%94%A8/cocos-framework/assets/scripts/Input/Input.ts
debug: Inspect file:///D:/My_Game/%E5%88%A5%E4%BA%BA%E5%AF%AB%E7%9A%84%E5%8F%83%E8%80%83%E7%94%A8/cocos-framework/assets/scripts/Input/KeyboardUtils.ts
debug: Inspect file:///D:/My_Game/%E5%88%A5%E4%BA%BA%E5%AF%AB%E7%9A%84%E5%8F%83%E8%80%83%E7%94%A8/cocos-framework/assets/scripts/Input/Keys.ts
debug: Inspect file:///D:/My_Game/%E5%88%A5%E4%BA%BA%E5%AF%AB%E7%9A%84%E5%8F%83%E8%80%83%E7%94%A8/cocos-framework/assets/scripts/Input/MouseState.ts
debug: Inspect file:///D:/My_Game/%E5%88%A5%E4%BA%BA%E5%AF%AB%E7%9A%84%E5%8F%83%E8%80%83%E7%94%A8/cocos-framework/assets/scripts/Input/VirtualAxis.ts
debug: Inspect file:///D:/My_Game/%E5%88%A5%E4%BA%BA%E5%AF%AB%E7%9A%84%E5%8F%83%E8%80%83%E7%94%A8/cocos-framework/assets/scripts/Input/VirtualInput.ts
debug: Inspect file:///D:/My_Game/%E5%88%A5%E4%BA%BA%E5%AF%AB%E7%9A%84%E5%8F%83%E8%80%83%E7%94%A8/cocos-framework/assets/scripts/Input/VirtualIntegerAxis.ts
debug: Inspect file:///D:/My_Game/%E5%88%A5%E4%BA%BA%E5%AF%AB%E7%9A%84%E5%8F%83%E8%80%83%E7%94%A8/cocos-framework/assets/scripts/Main.ts
debug: Inspect file:///D:/My_Game/%E5%88%A5%E4%BA%BA%E5%AF%AB%E7%9A%84%E5%8F%83%E8%80%83%E7%94%A8/cocos-framework/assets/scripts/components/PolygonMesh.ts
debug: Inspect file:///D:/My_Game/%E5%88%A5%E4%BA%BA%E5%AF%AB%E7%9A%84%E5%8F%83%E8%80%83%E7%94%A8/cocos-framework/assets/scripts/components/Mesh.ts
debug: Inspect file:///D:/My_Game/%E5%88%A5%E4%BA%BA%E5%AF%AB%E7%9A%84%E5%8F%83%E8%80%83%E7%94%A8/cocos-framework/assets/scripts/components/PolygonSprite.ts
debug: Inspect file:///D:/My_Game/%E5%88%A5%E4%BA%BA%E5%AF%AB%E7%9A%84%E5%8F%83%E8%80%83%E7%94%A8/cocos-framework/assets/scripts/components/SpriteRenderer.ts
debug: Inspect file:///D:/My_Game/%E5%88%A5%E4%BA%BA%E5%AF%AB%E7%9A%84%E5%8F%83%E8%80%83%E7%94%A8/cocos-framework/assets/scripts/components/component_camera.ts
debug: Inspect file:///D:/My_Game/%E5%88%A5%E4%BA%BA%E5%AF%AB%E7%9A%84%E5%8F%83%E8%80%83%E7%94%A8/cocos-framework/assets/scripts/graphics/Batcher.ts
debug: Inspect file:///D:/My_Game/%E5%88%A5%E4%BA%BA%E5%AF%AB%E7%9A%84%E5%8F%83%E8%80%83%E7%94%A8/cocos-framework/assets/scripts/scenes/RenderScene.ts
debug: Inspect file:///D:/My_Game/%E5%88%A5%E4%BA%BA%E5%AF%AB%E7%9A%84%E5%8F%83%E8%80%83%E7%94%A8/cocos-framework/assets/scripts/scenes/collider/ColliderScene.ts
debug: Inspect file:///D:/My_Game/%E5%88%A5%E4%BA%BA%E5%AF%AB%E7%9A%84%E5%8F%83%E8%80%83%E7%94%A8/cocos-framework/assets/scripts/scenes/collider/ColliderTrigger.ts
debug: Inspect file:///D:/My_Game/%E5%88%A5%E4%BA%BA%E5%AF%AB%E7%9A%84%E5%8F%83%E8%80%83%E7%94%A8/cocos-framework/assets/scripts/scenes/lineCasting/LineCaster.ts
debug: Inspect file:///D:/My_Game/%E5%88%A5%E4%BA%BA%E5%AF%AB%E7%9A%84%E5%8F%83%E8%80%83%E7%94%A8/cocos-framework/assets/scripts/scenes/lineCasting/LineCastingScene.ts
debug: Inspect file:///D:/My_Game/%E5%88%A5%E4%BA%BA%E5%AF%AB%E7%9A%84%E5%8F%83%E8%80%83%E7%94%A8/cocos-framework/assets/scripts/scenes/rigidBodies/RigidBodyScene.ts
debug: Inspect file:///D:/My_Game/%E5%88%A5%E4%BA%BA%E5%AF%AB%E7%9A%84%E5%8F%83%E8%80%83%E7%94%A8/cocos-framework/assets/scripts/scenes/verletPhysics/VerletPhysicsScene.ts
debug: Inspect file:///D:/My_Game/%E5%88%A5%E4%BA%BA%E5%AF%AB%E7%9A%84%E5%8F%83%E8%80%83%E7%94%A8/cocos-framework/assets/scripts/scenes/verletPhysics/VerletSystem.ts
debug: Inspect file:///D:/My_Game/%E5%88%A5%E4%BA%BA%E5%AF%AB%E7%9A%84%E5%8F%83%E8%80%83%E7%94%A8/cocos-framework/assets/scripts/scenes/BasicScene.ts
debug: Resolve cce:/internal/code-quality/cr.mjs from file:///D:/My_Game/%E5%88%A5%E4%BA%BA%E5%AF%AB%E7%9A%84%E5%8F%83%E8%80%83%E7%94%A8/cocos-framework/assets/scripts/components/Mesh.ts as cce:/internal/code-quality/cr.mjs.
debug: Resolve cc from file:///D:/My_Game/%E5%88%A5%E4%BA%BA%E5%AF%AB%E7%9A%84%E5%8F%83%E8%80%83%E7%94%A8/cocos-framework/assets/scripts/components/Mesh.ts as cce:/internal/x/cc.
debug: Resolve cc from file:///D:/My_Game/%E5%88%A5%E4%BA%BA%E5%AF%AB%E7%9A%84%E5%8F%83%E8%80%83%E7%94%A8/cocos-framework/assets/scripts/components/Mesh.ts as cce:/internal/x/cc.
debug: Inspect cce:/internal/code-quality/cr.mjs
debug: Resolve cce:/internal/code-quality/cr.mjs from file:///D:/My_Game/%E5%88%A5%E4%BA%BA%E5%AF%AB%E7%9A%84%E5%8F%83%E8%80%83%E7%94%A8/cocos-framework/assets/scripts/Main.ts as cce:/internal/code-quality/cr.mjs.
debug: Resolve cc from file:///D:/My_Game/%E5%88%A5%E4%BA%BA%E5%AF%AB%E7%9A%84%E5%8F%83%E8%80%83%E7%94%A8/cocos-framework/assets/scripts/Main.ts as cce:/internal/x/cc.
debug: Resolve cc from file:///D:/My_Game/%E5%88%A5%E4%BA%BA%E5%AF%AB%E7%9A%84%E5%8F%83%E8%80%83%E7%94%A8/cocos-framework/assets/scripts/Main.ts as cce:/internal/x/cc.
debug: Resolve cc from file:///D:/My_Game/%E5%88%A5%E4%BA%BA%E5%AF%AB%E7%9A%84%E5%8F%83%E8%80%83%E7%94%A8/cocos-framework/assets/scripts/components/PolygonSprite.ts as cce:/internal/x/cc.
debug: Resolve cc from file:///D:/My_Game/%E5%88%A5%E4%BA%BA%E5%AF%AB%E7%9A%84%E5%8F%83%E8%80%83%E7%94%A8/cocos-framework/assets/scripts/components/PolygonSprite.ts as cce:/internal/x/cc.
debug: Resolve cce:/internal/code-quality/cr.mjs from file:///D:/My_Game/%E5%88%A5%E4%BA%BA%E5%AF%AB%E7%9A%84%E5%8F%83%E8%80%83%E7%94%A8/cocos-framework/assets/scripts/scenes/lineCasting/LineCaster.ts as cce:/internal/code-quality/cr.mjs.
debug: Resolve cc from file:///D:/My_Game/%E5%88%A5%E4%BA%BA%E5%AF%AB%E7%9A%84%E5%8F%83%E8%80%83%E7%94%A8/cocos-framework/assets/scripts/scenes/lineCasting/LineCaster.ts as cce:/internal/x/cc.
debug: Resolve cce:/internal/code-quality/cr.mjs from file:///D:/My_Game/%E5%88%A5%E4%BA%BA%E5%AF%AB%E7%9A%84%E5%8F%83%E8%80%83%E7%94%A8/cocos-framework/assets/scripts/scenes/RenderScene.ts as cce:/internal/code-quality/cr.mjs.
debug: Resolve cc from file:///D:/My_Game/%E5%88%A5%E4%BA%BA%E5%AF%AB%E7%9A%84%E5%8F%83%E8%80%83%E7%94%A8/cocos-framework/assets/scripts/scenes/RenderScene.ts as cce:/internal/x/cc.
debug: Resolve cc from file:///D:/My_Game/%E5%88%A5%E4%BA%BA%E5%AF%AB%E7%9A%84%E5%8F%83%E8%80%83%E7%94%A8/cocos-framework/assets/scripts/scenes/collider/ColliderTrigger.ts as cce:/internal/x/cc.
debug: Resolve cce:/internal/code-quality/cr.mjs from file:///D:/My_Game/%E5%88%A5%E4%BA%BA%E5%AF%AB%E7%9A%84%E5%8F%83%E8%80%83%E7%94%A8/cocos-framework/assets/scripts/components/component_camera.ts as cce:/internal/code-quality/cr.mjs.
debug: Resolve cc from file:///D:/My_Game/%E5%88%A5%E4%BA%BA%E5%AF%AB%E7%9A%84%E5%8F%83%E8%80%83%E7%94%A8/cocos-framework/assets/scripts/components/component_camera.ts as cce:/internal/x/cc.
debug: Resolve cc from file:///D:/My_Game/%E5%88%A5%E4%BA%BA%E5%AF%AB%E7%9A%84%E5%8F%83%E8%80%83%E7%94%A8/cocos-framework/assets/scripts/components/component_camera.ts as cce:/internal/x/cc.
debug: Resolve cce:/internal/code-quality/cr.mjs from file:///D:/My_Game/%E5%88%A5%E4%BA%BA%E5%AF%AB%E7%9A%84%E5%8F%83%E8%80%83%E7%94%A8/cocos-framework/assets/scripts/components/SpriteRenderer.ts as cce:/internal/code-quality/cr.mjs.
debug: Resolve cc from file:///D:/My_Game/%E5%88%A5%E4%BA%BA%E5%AF%AB%E7%9A%84%E5%8F%83%E8%80%83%E7%94%A8/cocos-framework/assets/scripts/components/SpriteRenderer.ts as cce:/internal/x/cc.
debug: Resolve cc from file:///D:/My_Game/%E5%88%A5%E4%BA%BA%E5%AF%AB%E7%9A%84%E5%8F%83%E8%80%83%E7%94%A8/cocos-framework/assets/scripts/components/SpriteRenderer.ts as cce:/internal/x/cc.
debug: Resolve cce:/internal/code-quality/cr.mjs from file:///D:/My_Game/%E5%88%A5%E4%BA%BA%E5%AF%AB%E7%9A%84%E5%8F%83%E8%80%83%E7%94%A8/cocos-framework/assets/scripts/scenes/collider/ColliderScene.ts as cce:/internal/code-quality/cr.mjs.
debug: Resolve cc from file:///D:/My_Game/%E5%88%A5%E4%BA%BA%E5%AF%AB%E7%9A%84%E5%8F%83%E8%80%83%E7%94%A8/cocos-framework/assets/scripts/scenes/collider/ColliderScene.ts as cce:/internal/x/cc.
debug: Resolve cc from file:///D:/My_Game/%E5%88%A5%E4%BA%BA%E5%AF%AB%E7%9A%84%E5%8F%83%E8%80%83%E7%94%A8/cocos-framework/assets/scripts/scenes/collider/ColliderScene.ts as cce:/internal/x/cc.
debug: Resolve cce:/internal/code-quality/cr.mjs from file:///D:/My_Game/%E5%88%A5%E4%BA%BA%E5%AF%AB%E7%9A%84%E5%8F%83%E8%80%83%E7%94%A8/cocos-framework/assets/scripts/graphics/Batcher.ts as cce:/internal/code-quality/cr.mjs.
debug: Resolve cc from file:///D:/My_Game/%E5%88%A5%E4%BA%BA%E5%AF%AB%E7%9A%84%E5%8F%83%E8%80%83%E7%94%A8/cocos-framework/assets/scripts/graphics/Batcher.ts as cce:/internal/x/cc.
debug: Resolve cc from file:///D:/My_Game/%E5%88%A5%E4%BA%BA%E5%AF%AB%E7%9A%84%E5%8F%83%E8%80%83%E7%94%A8/cocos-framework/assets/scripts/graphics/Batcher.ts as cce:/internal/x/cc.
debug: Resolve cce:/internal/code-quality/cr.mjs from file:///D:/My_Game/%E5%88%A5%E4%BA%BA%E5%AF%AB%E7%9A%84%E5%8F%83%E8%80%83%E7%94%A8/cocos-framework/assets/scripts/scenes/rigidBodies/RigidBodyScene.ts as cce:/internal/code-quality/cr.mjs.
debug: Resolve cc from file:///D:/My_Game/%E5%88%A5%E4%BA%BA%E5%AF%AB%E7%9A%84%E5%8F%83%E8%80%83%E7%94%A8/cocos-framework/assets/scripts/scenes/rigidBodies/RigidBodyScene.ts as cce:/internal/x/cc.
debug: Resolve cc from file:///D:/My_Game/%E5%88%A5%E4%BA%BA%E5%AF%AB%E7%9A%84%E5%8F%83%E8%80%83%E7%94%A8/cocos-framework/assets/scripts/scenes/rigidBodies/RigidBodyScene.ts as cce:/internal/x/cc.
debug: Resolve cce:/internal/code-quality/cr.mjs from file:///D:/My_Game/%E5%88%A5%E4%BA%BA%E5%AF%AB%E7%9A%84%E5%8F%83%E8%80%83%E7%94%A8/cocos-framework/assets/scripts/scenes/lineCasting/LineCastingScene.ts as cce:/internal/code-quality/cr.mjs.
debug: Resolve cc from file:///D:/My_Game/%E5%88%A5%E4%BA%BA%E5%AF%AB%E7%9A%84%E5%8F%83%E8%80%83%E7%94%A8/cocos-framework/assets/scripts/scenes/lineCasting/LineCastingScene.ts as cce:/internal/x/cc.
debug: Resolve cc from file:///D:/My_Game/%E5%88%A5%E4%BA%BA%E5%AF%AB%E7%9A%84%E5%8F%83%E8%80%83%E7%94%A8/cocos-framework/assets/scripts/scenes/lineCasting/LineCastingScene.ts as cce:/internal/x/cc.
debug: Resolve cce:/internal/code-quality/cr.mjs from file:///D:/My_Game/%E5%88%A5%E4%BA%BA%E5%AF%AB%E7%9A%84%E5%8F%83%E8%80%83%E7%94%A8/cocos-framework/assets/scripts/scenes/BasicScene.ts as cce:/internal/code-quality/cr.mjs.
debug: Resolve cc from file:///D:/My_Game/%E5%88%A5%E4%BA%BA%E5%AF%AB%E7%9A%84%E5%8F%83%E8%80%83%E7%94%A8/cocos-framework/assets/scripts/scenes/BasicScene.ts as cce:/internal/x/cc.
debug: Resolve cc from file:///D:/My_Game/%E5%88%A5%E4%BA%BA%E5%AF%AB%E7%9A%84%E5%8F%83%E8%80%83%E7%94%A8/cocos-framework/assets/scripts/scenes/BasicScene.ts as cce:/internal/x/cc.
debug: Resolve cce:/internal/code-quality/cr.mjs from file:///D:/My_Game/%E5%88%A5%E4%BA%BA%E5%AF%AB%E7%9A%84%E5%8F%83%E8%80%83%E7%94%A8/cocos-framework/assets/scripts/scenes/verletPhysics/VerletPhysicsScene.ts as cce:/internal/code-quality/cr.mjs.
debug: Resolve cc from file:///D:/My_Game/%E5%88%A5%E4%BA%BA%E5%AF%AB%E7%9A%84%E5%8F%83%E8%80%83%E7%94%A8/cocos-framework/assets/scripts/scenes/verletPhysics/VerletPhysicsScene.ts as cce:/internal/x/cc.
debug: Resolve cc from file:///D:/My_Game/%E5%88%A5%E4%BA%BA%E5%AF%AB%E7%9A%84%E5%8F%83%E8%80%83%E7%94%A8/cocos-framework/assets/scripts/scenes/verletPhysics/VerletPhysicsScene.ts as cce:/internal/x/cc.
debug: Resolve cce:/internal/code-quality/cr.mjs from file:///D:/My_Game/%E5%88%A5%E4%BA%BA%E5%AF%AB%E7%9A%84%E5%8F%83%E8%80%83%E7%94%A8/cocos-framework/assets/scripts/scenes/verletPhysics/VerletSystem.ts as cce:/internal/code-quality/cr.mjs.
debug: Resolve cc from file:///D:/My_Game/%E5%88%A5%E4%BA%BA%E5%AF%AB%E7%9A%84%E5%8F%83%E8%80%83%E7%94%A8/cocos-framework/assets/scripts/scenes/verletPhysics/VerletSystem.ts as cce:/internal/x/cc.
debug: Resolve cce:/internal/code-quality/cr.mjs from file:///D:/My_Game/%E5%88%A5%E4%BA%BA%E5%AF%AB%E7%9A%84%E5%8F%83%E8%80%83%E7%94%A8/cocos-framework/assets/scripts/Input/KeyboardUtils.ts as cce:/internal/code-quality/cr.mjs.
debug: Resolve cc from file:///D:/My_Game/%E5%88%A5%E4%BA%BA%E5%AF%AB%E7%9A%84%E5%8F%83%E8%80%83%E7%94%A8/cocos-framework/assets/scripts/Input/KeyboardUtils.ts as cce:/internal/x/cc.
debug: Resolve cc from file:///D:/My_Game/%E5%88%A5%E4%BA%BA%E5%AF%AB%E7%9A%84%E5%8F%83%E8%80%83%E7%94%A8/cocos-framework/assets/scripts/Input/KeyboardUtils.ts as cce:/internal/x/cc.
debug: Resolve cce:/internal/code-quality/cr.mjs from file:///D:/My_Game/%E5%88%A5%E4%BA%BA%E5%AF%AB%E7%9A%84%E5%8F%83%E8%80%83%E7%94%A8/cocos-framework/assets/scripts/Input/Input.ts as cce:/internal/code-quality/cr.mjs.
debug: Resolve cc from file:///D:/My_Game/%E5%88%A5%E4%BA%BA%E5%AF%AB%E7%9A%84%E5%8F%83%E8%80%83%E7%94%A8/cocos-framework/assets/scripts/Input/Input.ts as cce:/internal/x/cc.
debug: Resolve cc from file:///D:/My_Game/%E5%88%A5%E4%BA%BA%E5%AF%AB%E7%9A%84%E5%8F%83%E8%80%83%E7%94%A8/cocos-framework/assets/scripts/Input/Input.ts as cce:/internal/x/cc.
debug: Resolve cc from file:///D:/My_Game/%E5%88%A5%E4%BA%BA%E5%AF%AB%E7%9A%84%E5%8F%83%E8%80%83%E7%94%A8/cocos-framework/assets/scripts/Input/MouseState.ts as cce:/internal/x/cc.
debug: Resolve cc from file:///D:/My_Game/%E5%88%A5%E4%BA%BA%E5%AF%AB%E7%9A%84%E5%8F%83%E8%80%83%E7%94%A8/cocos-framework/assets/scripts/Input/Keys.ts as cce:/internal/x/cc.
debug: Resolve cce:/internal/code-quality/cr.mjs from file:///D:/My_Game/%E5%88%A5%E4%BA%BA%E5%AF%AB%E7%9A%84%E5%8F%83%E8%80%83%E7%94%A8/cocos-framework/assets/scripts/Input/VirtualInput.ts as cce:/internal/code-quality/cr.mjs.
debug: Resolve cc from file:///D:/My_Game/%E5%88%A5%E4%BA%BA%E5%AF%AB%E7%9A%84%E5%8F%83%E8%80%83%E7%94%A8/cocos-framework/assets/scripts/Input/VirtualInput.ts as cce:/internal/x/cc.
debug: Resolve cce:/internal/code-quality/cr.mjs from file:///D:/My_Game/%E5%88%A5%E4%BA%BA%E5%AF%AB%E7%9A%84%E5%8F%83%E8%80%83%E7%94%A8/cocos-framework/assets/scripts/Input/VirtualAxis.ts as cce:/internal/code-quality/cr.mjs.
debug: Resolve cc from file:///D:/My_Game/%E5%88%A5%E4%BA%BA%E5%AF%AB%E7%9A%84%E5%8F%83%E8%80%83%E7%94%A8/cocos-framework/assets/scripts/Input/VirtualAxis.ts as cce:/internal/x/cc.
debug: Resolve cce:/internal/code-quality/cr.mjs from file:///D:/My_Game/%E5%88%A5%E4%BA%BA%E5%AF%AB%E7%9A%84%E5%8F%83%E8%80%83%E7%94%A8/cocos-framework/assets/scripts/Input/VirtualIntegerAxis.ts as cce:/internal/code-quality/cr.mjs.
debug: Resolve cc from file:///D:/My_Game/%E5%88%A5%E4%BA%BA%E5%AF%AB%E7%9A%84%E5%8F%83%E8%80%83%E7%94%A8/cocos-framework/assets/scripts/Input/VirtualIntegerAxis.ts as cce:/internal/x/cc.
debug: Resolve cce:/internal/code-quality/cr.mjs from file:///D:/My_Game/%E5%88%A5%E4%BA%BA%E5%AF%AB%E7%9A%84%E5%8F%83%E8%80%83%E7%94%A8/cocos-framework/assets/scripts/components/PolygonMesh.ts as cce:/internal/code-quality/cr.mjs.
debug: Resolve cc from file:///D:/My_Game/%E5%88%A5%E4%BA%BA%E5%AF%AB%E7%9A%84%E5%8F%83%E8%80%83%E7%94%A8/cocos-framework/assets/scripts/components/PolygonMesh.ts as cce:/internal/x/cc.
debug: Resolve ./Input/Input from file:///D:/My_Game/%E5%88%A5%E4%BA%BA%E5%AF%AB%E7%9A%84%E5%8F%83%E8%80%83%E7%94%A8/cocos-framework/assets/scripts/Main.ts as file:///D:/My_Game/%E5%88%A5%E4%BA%BA%E5%AF%AB%E7%9A%84%E5%8F%83%E8%80%83%E7%94%A8/cocos-framework/assets/scripts/Input/Input.ts.
debug: Resolve ./graphics/Batcher from file:///D:/My_Game/%E5%88%A5%E4%BA%BA%E5%AF%AB%E7%9A%84%E5%8F%83%E8%80%83%E7%94%A8/cocos-framework/assets/scripts/Main.ts as file:///D:/My_Game/%E5%88%A5%E4%BA%BA%E5%AF%AB%E7%9A%84%E5%8F%83%E8%80%83%E7%94%A8/cocos-framework/assets/scripts/graphics/Batcher.ts.
debug: Resolve ./Input/KeyboardUtils from file:///D:/My_Game/%E5%88%A5%E4%BA%BA%E5%AF%AB%E7%9A%84%E5%8F%83%E8%80%83%E7%94%A8/cocos-framework/assets/scripts/Main.ts as file:///D:/My_Game/%E5%88%A5%E4%BA%BA%E5%AF%AB%E7%9A%84%E5%8F%83%E8%80%83%E7%94%A8/cocos-framework/assets/scripts/Input/KeyboardUtils.ts.
debug: Resolve ./scenes/BasicScene from file:///D:/My_Game/%E5%88%A5%E4%BA%BA%E5%AF%AB%E7%9A%84%E5%8F%83%E8%80%83%E7%94%A8/cocos-framework/assets/scripts/Main.ts as file:///D:/My_Game/%E5%88%A5%E4%BA%BA%E5%AF%AB%E7%9A%84%E5%8F%83%E8%80%83%E7%94%A8/cocos-framework/assets/scripts/scenes/BasicScene.ts.
debug: Resolve ./scenes/RenderScene from file:///D:/My_Game/%E5%88%A5%E4%BA%BA%E5%AF%AB%E7%9A%84%E5%8F%83%E8%80%83%E7%94%A8/cocos-framework/assets/scripts/Main.ts as file:///D:/My_Game/%E5%88%A5%E4%BA%BA%E5%AF%AB%E7%9A%84%E5%8F%83%E8%80%83%E7%94%A8/cocos-framework/assets/scripts/scenes/RenderScene.ts.
debug: Resolve ../../components/component_camera from file:///D:/My_Game/%E5%88%A5%E4%BA%BA%E5%AF%AB%E7%9A%84%E5%8F%83%E8%80%83%E7%94%A8/cocos-framework/assets/scripts/scenes/lineCasting/LineCaster.ts as file:///D:/My_Game/%E5%88%A5%E4%BA%BA%E5%AF%AB%E7%9A%84%E5%8F%83%E8%80%83%E7%94%A8/cocos-framework/assets/scripts/components/component_camera.ts.
debug: Resolve ../../Input/Input from file:///D:/My_Game/%E5%88%A5%E4%BA%BA%E5%AF%AB%E7%9A%84%E5%8F%83%E8%80%83%E7%94%A8/cocos-framework/assets/scripts/scenes/lineCasting/LineCaster.ts as file:///D:/My_Game/%E5%88%A5%E4%BA%BA%E5%AF%AB%E7%9A%84%E5%8F%83%E8%80%83%E7%94%A8/cocos-framework/assets/scripts/Input/Input.ts.
debug: Resolve ../../Input/Keys from file:///D:/My_Game/%E5%88%A5%E4%BA%BA%E5%AF%AB%E7%9A%84%E5%8F%83%E8%80%83%E7%94%A8/cocos-framework/assets/scripts/scenes/lineCasting/LineCaster.ts as file:///D:/My_Game/%E5%88%A5%E4%BA%BA%E5%AF%AB%E7%9A%84%E5%8F%83%E8%80%83%E7%94%A8/cocos-framework/assets/scripts/Input/Keys.ts.
debug: Resolve ../components/component_camera from file:///D:/My_Game/%E5%88%A5%E4%BA%BA%E5%AF%AB%E7%9A%84%E5%8F%83%E8%80%83%E7%94%A8/cocos-framework/assets/scripts/scenes/RenderScene.ts as file:///D:/My_Game/%E5%88%A5%E4%BA%BA%E5%AF%AB%E7%9A%84%E5%8F%83%E8%80%83%E7%94%A8/cocos-framework/assets/scripts/components/component_camera.ts.
debug: Resolve ../Input/Input from file:///D:/My_Game/%E5%88%A5%E4%BA%BA%E5%AF%AB%E7%9A%84%E5%8F%83%E8%80%83%E7%94%A8/cocos-framework/assets/scripts/components/component_camera.ts as file:///D:/My_Game/%E5%88%A5%E4%BA%BA%E5%AF%AB%E7%9A%84%E5%8F%83%E8%80%83%E7%94%A8/cocos-framework/assets/scripts/Input/Input.ts.
debug: Resolve ../../components/SpriteRenderer from file:///D:/My_Game/%E5%88%A5%E4%BA%BA%E5%AF%AB%E7%9A%84%E5%8F%83%E8%80%83%E7%94%A8/cocos-framework/assets/scripts/scenes/collider/ColliderScene.ts as file:///D:/My_Game/%E5%88%A5%E4%BA%BA%E5%AF%AB%E7%9A%84%E5%8F%83%E8%80%83%E7%94%A8/cocos-framework/assets/scripts/components/SpriteRenderer.ts.
debug: Resolve ../RenderScene from file:///D:/My_Game/%E5%88%A5%E4%BA%BA%E5%AF%AB%E7%9A%84%E5%8F%83%E8%80%83%E7%94%A8/cocos-framework/assets/scripts/scenes/collider/ColliderScene.ts as file:///D:/My_Game/%E5%88%A5%E4%BA%BA%E5%AF%AB%E7%9A%84%E5%8F%83%E8%80%83%E7%94%A8/cocos-framework/assets/scripts/scenes/RenderScene.ts.
debug: Resolve ./ColliderTrigger from file:///D:/My_Game/%E5%88%A5%E4%BA%BA%E5%AF%AB%E7%9A%84%E5%8F%83%E8%80%83%E7%94%A8/cocos-framework/assets/scripts/scenes/collider/ColliderScene.ts as file:///D:/My_Game/%E5%88%A5%E4%BA%BA%E5%AF%AB%E7%9A%84%E5%8F%83%E8%80%83%E7%94%A8/cocos-framework/assets/scripts/scenes/collider/ColliderTrigger.ts.
debug: Resolve ../../components/SpriteRenderer from file:///D:/My_Game/%E5%88%A5%E4%BA%BA%E5%AF%AB%E7%9A%84%E5%8F%83%E8%80%83%E7%94%A8/cocos-framework/assets/scripts/scenes/rigidBodies/RigidBodyScene.ts as file:///D:/My_Game/%E5%88%A5%E4%BA%BA%E5%AF%AB%E7%9A%84%E5%8F%83%E8%80%83%E7%94%A8/cocos-framework/assets/scripts/components/SpriteRenderer.ts.
debug: Resolve ../RenderScene from file:///D:/My_Game/%E5%88%A5%E4%BA%BA%E5%AF%AB%E7%9A%84%E5%8F%83%E8%80%83%E7%94%A8/cocos-framework/assets/scripts/scenes/rigidBodies/RigidBodyScene.ts as file:///D:/My_Game/%E5%88%A5%E4%BA%BA%E5%AF%AB%E7%9A%84%E5%8F%83%E8%80%83%E7%94%A8/cocos-framework/assets/scripts/scenes/RenderScene.ts.
debug: Resolve ../../components/SpriteRenderer from file:///D:/My_Game/%E5%88%A5%E4%BA%BA%E5%AF%AB%E7%9A%84%E5%8F%83%E8%80%83%E7%94%A8/cocos-framework/assets/scripts/scenes/lineCasting/LineCastingScene.ts as file:///D:/My_Game/%E5%88%A5%E4%BA%BA%E5%AF%AB%E7%9A%84%E5%8F%83%E8%80%83%E7%94%A8/cocos-framework/assets/scripts/components/SpriteRenderer.ts.
debug: Resolve ../RenderScene from file:///D:/My_Game/%E5%88%A5%E4%BA%BA%E5%AF%AB%E7%9A%84%E5%8F%83%E8%80%83%E7%94%A8/cocos-framework/assets/scripts/scenes/lineCasting/LineCastingScene.ts as file:///D:/My_Game/%E5%88%A5%E4%BA%BA%E5%AF%AB%E7%9A%84%E5%8F%83%E8%80%83%E7%94%A8/cocos-framework/assets/scripts/scenes/RenderScene.ts.
debug: Resolve ./LineCaster from file:///D:/My_Game/%E5%88%A5%E4%BA%BA%E5%AF%AB%E7%9A%84%E5%8F%83%E8%80%83%E7%94%A8/cocos-framework/assets/scripts/scenes/lineCasting/LineCastingScene.ts as file:///D:/My_Game/%E5%88%A5%E4%BA%BA%E5%AF%AB%E7%9A%84%E5%8F%83%E8%80%83%E7%94%A8/cocos-framework/assets/scripts/scenes/lineCasting/LineCaster.ts.
debug: Resolve ../components/SpriteRenderer from file:///D:/My_Game/%E5%88%A5%E4%BA%BA%E5%AF%AB%E7%9A%84%E5%8F%83%E8%80%83%E7%94%A8/cocos-framework/assets/scripts/scenes/BasicScene.ts as file:///D:/My_Game/%E5%88%A5%E4%BA%BA%E5%AF%AB%E7%9A%84%E5%8F%83%E8%80%83%E7%94%A8/cocos-framework/assets/scripts/components/SpriteRenderer.ts.
debug: Resolve ./RenderScene from file:///D:/My_Game/%E5%88%A5%E4%BA%BA%E5%AF%AB%E7%9A%84%E5%8F%83%E8%80%83%E7%94%A8/cocos-framework/assets/scripts/scenes/BasicScene.ts as file:///D:/My_Game/%E5%88%A5%E4%BA%BA%E5%AF%AB%E7%9A%84%E5%8F%83%E8%80%83%E7%94%A8/cocos-framework/assets/scripts/scenes/RenderScene.ts.
debug: Resolve ../../components/SpriteRenderer from file:///D:/My_Game/%E5%88%A5%E4%BA%BA%E5%AF%AB%E7%9A%84%E5%8F%83%E8%80%83%E7%94%A8/cocos-framework/assets/scripts/scenes/verletPhysics/VerletPhysicsScene.ts as file:///D:/My_Game/%E5%88%A5%E4%BA%BA%E5%AF%AB%E7%9A%84%E5%8F%83%E8%80%83%E7%94%A8/cocos-framework/assets/scripts/components/SpriteRenderer.ts.
debug: Resolve ../RenderScene from file:///D:/My_Game/%E5%88%A5%E4%BA%BA%E5%AF%AB%E7%9A%84%E5%8F%83%E8%80%83%E7%94%A8/cocos-framework/assets/scripts/scenes/verletPhysics/VerletPhysicsScene.ts as file:///D:/My_Game/%E5%88%A5%E4%BA%BA%E5%AF%AB%E7%9A%84%E5%8F%83%E8%80%83%E7%94%A8/cocos-framework/assets/scripts/scenes/RenderScene.ts.
debug: Resolve ./VerletSystem from file:///D:/My_Game/%E5%88%A5%E4%BA%BA%E5%AF%AB%E7%9A%84%E5%8F%83%E8%80%83%E7%94%A8/cocos-framework/assets/scripts/scenes/verletPhysics/VerletPhysicsScene.ts as file:///D:/My_Game/%E5%88%A5%E4%BA%BA%E5%AF%AB%E7%9A%84%E5%8F%83%E8%80%83%E7%94%A8/cocos-framework/assets/scripts/scenes/verletPhysics/VerletSystem.ts.
debug: Resolve ../../components/component_camera from file:///D:/My_Game/%E5%88%A5%E4%BA%BA%E5%AF%AB%E7%9A%84%E5%8F%83%E8%80%83%E7%94%A8/cocos-framework/assets/scripts/scenes/verletPhysics/VerletSystem.ts as file:///D:/My_Game/%E5%88%A5%E4%BA%BA%E5%AF%AB%E7%9A%84%E5%8F%83%E8%80%83%E7%94%A8/cocos-framework/assets/scripts/components/component_camera.ts.
debug: Resolve ../../Input/Input from file:///D:/My_Game/%E5%88%A5%E4%BA%BA%E5%AF%AB%E7%9A%84%E5%8F%83%E8%80%83%E7%94%A8/cocos-framework/assets/scripts/scenes/verletPhysics/VerletSystem.ts as file:///D:/My_Game/%E5%88%A5%E4%BA%BA%E5%AF%AB%E7%9A%84%E5%8F%83%E8%80%83%E7%94%A8/cocos-framework/assets/scripts/Input/Input.ts.
debug: Resolve ../../Input/Keys from file:///D:/My_Game/%E5%88%A5%E4%BA%BA%E5%AF%AB%E7%9A%84%E5%8F%83%E8%80%83%E7%94%A8/cocos-framework/assets/scripts/scenes/verletPhysics/VerletSystem.ts as file:///D:/My_Game/%E5%88%A5%E4%BA%BA%E5%AF%AB%E7%9A%84%E5%8F%83%E8%80%83%E7%94%A8/cocos-framework/assets/scripts/Input/Keys.ts.
debug: Resolve ./KeyboardUtils from file:///D:/My_Game/%E5%88%A5%E4%BA%BA%E5%AF%AB%E7%9A%84%E5%8F%83%E8%80%83%E7%94%A8/cocos-framework/assets/scripts/Input/Input.ts as file:///D:/My_Game/%E5%88%A5%E4%BA%BA%E5%AF%AB%E7%9A%84%E5%8F%83%E8%80%83%E7%94%A8/cocos-framework/assets/scripts/Input/KeyboardUtils.ts.
debug: Resolve ./MouseState from file:///D:/My_Game/%E5%88%A5%E4%BA%BA%E5%AF%AB%E7%9A%84%E5%8F%83%E8%80%83%E7%94%A8/cocos-framework/assets/scripts/Input/Input.ts as file:///D:/My_Game/%E5%88%A5%E4%BA%BA%E5%AF%AB%E7%9A%84%E5%8F%83%E8%80%83%E7%94%A8/cocos-framework/assets/scripts/Input/MouseState.ts.
debug: Resolve ./Input from file:///D:/My_Game/%E5%88%A5%E4%BA%BA%E5%AF%AB%E7%9A%84%E5%8F%83%E8%80%83%E7%94%A8/cocos-framework/assets/scripts/Input/VirtualInput.ts as file:///D:/My_Game/%E5%88%A5%E4%BA%BA%E5%AF%AB%E7%9A%84%E5%8F%83%E8%80%83%E7%94%A8/cocos-framework/assets/scripts/Input/Input.ts.
debug: Resolve ./Input from file:///D:/My_Game/%E5%88%A5%E4%BA%BA%E5%AF%AB%E7%9A%84%E5%8F%83%E8%80%83%E7%94%A8/cocos-framework/assets/scripts/Input/VirtualAxis.ts as file:///D:/My_Game/%E5%88%A5%E4%BA%BA%E5%AF%AB%E7%9A%84%E5%8F%83%E8%80%83%E7%94%A8/cocos-framework/assets/scripts/Input/Input.ts.
debug: Resolve ./VirtualInput from file:///D:/My_Game/%E5%88%A5%E4%BA%BA%E5%AF%AB%E7%9A%84%E5%8F%83%E8%80%83%E7%94%A8/cocos-framework/assets/scripts/Input/VirtualAxis.ts as file:///D:/My_Game/%E5%88%A5%E4%BA%BA%E5%AF%AB%E7%9A%84%E5%8F%83%E8%80%83%E7%94%A8/cocos-framework/assets/scripts/Input/VirtualInput.ts.
debug: Resolve ./VirtualIntegerAxis from file:///D:/My_Game/%E5%88%A5%E4%BA%BA%E5%AF%AB%E7%9A%84%E5%8F%83%E8%80%83%E7%94%A8/cocos-framework/assets/scripts/Input/VirtualAxis.ts as file:///D:/My_Game/%E5%88%A5%E4%BA%BA%E5%AF%AB%E7%9A%84%E5%8F%83%E8%80%83%E7%94%A8/cocos-framework/assets/scripts/Input/VirtualIntegerAxis.ts.
debug: Resolve ./VirtualAxis from file:///D:/My_Game/%E5%88%A5%E4%BA%BA%E5%AF%AB%E7%9A%84%E5%8F%83%E8%80%83%E7%94%A8/cocos-framework/assets/scripts/Input/VirtualIntegerAxis.ts as file:///D:/My_Game/%E5%88%A5%E4%BA%BA%E5%AF%AB%E7%9A%84%E5%8F%83%E8%80%83%E7%94%A8/cocos-framework/assets/scripts/Input/VirtualAxis.ts.
debug: Resolve ./VirtualInput from file:///D:/My_Game/%E5%88%A5%E4%BA%BA%E5%AF%AB%E7%9A%84%E5%8F%83%E8%80%83%E7%94%A8/cocos-framework/assets/scripts/Input/VirtualIntegerAxis.ts as file:///D:/My_Game/%E5%88%A5%E4%BA%BA%E5%AF%AB%E7%9A%84%E5%8F%83%E8%80%83%E7%94%A8/cocos-framework/assets/scripts/Input/VirtualInput.ts.
debug: Resolve ./Mesh from file:///D:/My_Game/%E5%88%A5%E4%BA%BA%E5%AF%AB%E7%9A%84%E5%8F%83%E8%80%83%E7%94%A8/cocos-framework/assets/scripts/components/PolygonMesh.ts as file:///D:/My_Game/%E5%88%A5%E4%BA%BA%E5%AF%AB%E7%9A%84%E5%8F%83%E8%80%83%E7%94%A8/cocos-framework/assets/scripts/components/Mesh.ts.
debug: Target(preview) ends with cost 1157.8867000043392ms.
